[dbm-api] 10:09:07.629 [main] INFO  com.withlee.dbm.Application - Starting Application on LAPTOP-T7OVDIH0 with PID 10012 (D:\workspaces\dbm-api\target\classes started by think in D:\workspaces\dbm-api)
[dbm-api] 10:09:09.803 [main] INFO  org.hibernate.validator.internal.util.Version - HV000001: Hibernate Validator 5.1.3.Final
[dbm-api] 10:09:10.894 [main] INFO  com.zaxxer.hikari.HikariDataSource - HikariCP pool HikariPool-0 is starting.
[dbm-api] 10:09:14.263 [main] INFO  org.apache.catalina.core.StandardService - Starting service Tomcat
[dbm-api] 10:09:14.265 [main] INFO  org.apache.catalina.core.StandardEngine - Starting Servlet Engine: Apache Tomcat/8.0.15
[dbm-api] 10:09:14.443 [localhost-startStop-1] INFO  org.apache.catalina.core.ContainerBase.[Tomcat].[localhost].[/] - Initializing Spring embedded WebApplicationContext
[dbm-api] 10:09:17.350 [main] INFO  org.apache.coyote.http11.Http11NioProtocol - Initializing ProtocolHandler ["http-nio-8001"]
[dbm-api] 10:09:17.359 [main] INFO  org.apache.coyote.http11.Http11NioProtocol - Starting ProtocolHandler ["http-nio-8001"]
[dbm-api] 10:09:17.363 [main] INFO  org.apache.tomcat.util.net.NioSelectorPool - Using a shared selector for servlet write/read
[dbm-api] 10:09:17.390 [main] INFO  com.withlee.dbm.Application - Started Application in 10.051 seconds (JVM running for 11.103)
[dbm-api] 10:19:27.665 [http-nio-8001-exec-1] INFO  org.apache.catalina.core.ContainerBase.[Tomcat].[localhost].[/] - Initializing Spring FrameworkServlet 'dispatcherServlet'
[dbm-api] 10:19:39.993 [http-nio-8001-exec-3] ERROR com.withlee.dbm.filter.UserTokenFilter - [doFilterInternal] - access denied [/favicon.ico]
[dbm-api] 10:23:43.176 [http-nio-8001-exec-5] ERROR com.withlee.dbm.filter.UserTokenFilter - [doFilterInternal] - access denied [/favicon.ico]
[dbm-api] 10:33:49.772 [main] INFO  com.withlee.dbm.Application - Starting Application on LAPTOP-T7OVDIH0 with PID 6640 (D:\workspaces\dbm-api\target\classes started by think in D:\workspaces\dbm-api)
[dbm-api] 10:33:51.151 [main] INFO  org.hibernate.validator.internal.util.Version - HV000001: Hibernate Validator 5.1.3.Final
[dbm-api] 10:33:51.899 [main] INFO  com.zaxxer.hikari.HikariDataSource - HikariCP pool HikariPool-0 is starting.
[dbm-api] 10:33:54.176 [main] INFO  org.apache.catalina.core.StandardService - Starting service Tomcat
[dbm-api] 10:33:54.178 [main] INFO  org.apache.catalina.core.StandardEngine - Starting Servlet Engine: Apache Tomcat/8.0.15
[dbm-api] 10:33:54.317 [localhost-startStop-1] INFO  org.apache.catalina.core.ContainerBase.[Tomcat].[localhost].[/] - Initializing Spring embedded WebApplicationContext
[dbm-api] 10:33:56.238 [main] INFO  org.apache.coyote.http11.Http11NioProtocol - Initializing ProtocolHandler ["http-nio-8001"]
[dbm-api] 10:33:56.248 [main] INFO  org.apache.coyote.http11.Http11NioProtocol - Starting ProtocolHandler ["http-nio-8001"]
[dbm-api] 10:33:56.253 [main] INFO  org.apache.tomcat.util.net.NioSelectorPool - Using a shared selector for servlet write/read
[dbm-api] 10:33:56.280 [main] INFO  com.withlee.dbm.Application - Started Application in 6.728 seconds (JVM running for 7.328)
[dbm-api] 10:35:49.572 [http-nio-8001-exec-1] INFO  org.apache.catalina.core.ContainerBase.[Tomcat].[localhost].[/] - Initializing Spring FrameworkServlet 'dispatcherServlet'
[dbm-api] 10:36:01.609 [http-nio-8001-exec-2] ERROR com.withlee.dbm.filter.UserTokenFilter - [doFilterInternal] - access denied [/favicon.ico]
[dbm-api] 10:39:41.452 [main] INFO  com.withlee.dbm.Application - Starting Application on LAPTOP-T7OVDIH0 with PID 5032 (D:\workspaces\dbm-api\target\classes started by think in D:\workspaces\dbm-api)
[dbm-api] 10:39:42.867 [main] INFO  org.hibernate.validator.internal.util.Version - HV000001: Hibernate Validator 5.1.3.Final
[dbm-api] 10:39:43.598 [main] INFO  com.zaxxer.hikari.HikariDataSource - HikariCP pool HikariPool-0 is starting.
[dbm-api] 10:39:46.054 [main] INFO  org.apache.catalina.core.StandardService - Starting service Tomcat
[dbm-api] 10:39:46.056 [main] INFO  org.apache.catalina.core.StandardEngine - Starting Servlet Engine: Apache Tomcat/8.0.15
[dbm-api] 10:39:46.179 [localhost-startStop-1] INFO  org.apache.catalina.core.ContainerBase.[Tomcat].[localhost].[/] - Initializing Spring embedded WebApplicationContext
[dbm-api] 10:39:47.848 [main] INFO  org.apache.coyote.http11.Http11NioProtocol - Initializing ProtocolHandler ["http-nio-8001"]
[dbm-api] 10:39:47.856 [main] INFO  org.apache.coyote.http11.Http11NioProtocol - Starting ProtocolHandler ["http-nio-8001"]
[dbm-api] 10:39:47.860 [main] INFO  org.apache.tomcat.util.net.NioSelectorPool - Using a shared selector for servlet write/read
[dbm-api] 10:39:47.885 [main] INFO  com.withlee.dbm.Application - Started Application in 6.65 seconds (JVM running for 7.239)
[dbm-api] 10:40:05.049 [http-nio-8001-exec-1] INFO  org.apache.catalina.core.ContainerBase.[Tomcat].[localhost].[/] - Initializing Spring FrameworkServlet 'dispatcherServlet'
[dbm-api] 10:40:20.895 [http-nio-8001-exec-2] ERROR com.withlee.dbm.filter.UserTokenFilter - [doFilterInternal] - access denied [/favicon.ico]
[dbm-api] 10:58:03.101 [main] INFO  com.withlee.dbm.Application - Starting Application on LAPTOP-T7OVDIH0 with PID 5096 (D:\workspaces\dbm-api\target\classes started by think in D:\workspaces\dbm-api)
[dbm-api] 10:58:04.481 [main] INFO  org.hibernate.validator.internal.util.Version - HV000001: Hibernate Validator 5.1.3.Final
[dbm-api] 10:58:05.238 [main] INFO  com.zaxxer.hikari.HikariDataSource - HikariCP pool HikariPool-0 is starting.
[dbm-api] 10:58:07.396 [main] INFO  org.apache.catalina.core.StandardService - Starting service Tomcat
[dbm-api] 10:58:07.397 [main] INFO  org.apache.catalina.core.StandardEngine - Starting Servlet Engine: Apache Tomcat/8.0.15
[dbm-api] 10:58:07.535 [localhost-startStop-1] INFO  org.apache.catalina.core.ContainerBase.[Tomcat].[localhost].[/] - Initializing Spring embedded WebApplicationContext
[dbm-api] 10:58:09.399 [main] INFO  org.apache.coyote.http11.Http11NioProtocol - Initializing ProtocolHandler ["http-nio-8001"]
[dbm-api] 10:58:09.411 [main] INFO  org.apache.coyote.http11.Http11NioProtocol - Starting ProtocolHandler ["http-nio-8001"]
[dbm-api] 10:58:09.418 [main] ERROR org.apache.coyote.http11.Http11NioProtocol - Failed to start end point associated with ProtocolHandler ["http-nio-8001"]
java.net.BindException: Address already in use: bind
	at sun.nio.ch.Net.bind0(Native Method) ~[na:1.8.0_60]
	at sun.nio.ch.Net.bind(Net.java:433) ~[na:1.8.0_60]
	at sun.nio.ch.Net.bind(Net.java:425) ~[na:1.8.0_60]
	at sun.nio.ch.ServerSocketChannelImpl.bind(ServerSocketChannelImpl.java:223) ~[na:1.8.0_60]
	at sun.nio.ch.ServerSocketAdaptor.bind(ServerSocketAdaptor.java:74) ~[na:1.8.0_60]
	at org.apache.tomcat.util.net.NioEndpoint.bind(NioEndpoint.java:343) ~[tomcat-embed-core-8.0.15.jar:8.0.15]
	at org.apache.tomcat.util.net.AbstractEndpoint.start(AbstractEndpoint.java:737) ~[tomcat-embed-core-8.0.15.jar:8.0.15]
	at org.apache.coyote.AbstractProtocol.start(AbstractProtocol.java:471) ~[tomcat-embed-core-8.0.15.jar:8.0.15]
	at org.apache.coyote.http11.Http11NioProtocol.start(Http11NioProtocol.java:80) [tomcat-embed-core-8.0.15.jar:8.0.15]
	at org.apache.catalina.connector.Connector.startInternal(Connector.java:986) [tomcat-embed-core-8.0.15.jar:8.0.15]
	at org.apache.catalina.util.LifecycleBase.start(LifecycleBase.java:150) [tomcat-embed-core-8.0.15.jar:8.0.15]
	at org.apache.catalina.core.StandardService.addConnector(StandardService.java:237) [tomcat-embed-core-8.0.15.jar:8.0.15]
	at org.springframework.boot.context.embedded.tomcat.TomcatEmbeddedServletContainer.addPreviouslyRemovedConnectors(TomcatEmbeddedServletContainer.java:194) [spring-boot-1.2.0.RELEASE.jar:1.2.0.RELEASE]
	at org.springframework.boot.context.embedded.tomcat.TomcatEmbeddedServletContainer.start(TomcatEmbeddedServletContainer.java:155) [spring-boot-1.2.0.RELEASE.jar:1.2.0.RELEASE]
	at org.springframework.boot.context.embedded.EmbeddedWebApplicationContext.startEmbeddedServletContainer(EmbeddedWebApplicationContext.java:270) [spring-boot-1.2.0.RELEASE.jar:1.2.0.RELEASE]
	at org.springframework.boot.context.embedded.EmbeddedWebApplicationContext.finishRefresh(EmbeddedWebApplicationContext.java:132) [spring-boot-1.2.0.RELEASE.jar:1.2.0.RELEASE]
	at org.springframework.context.support.AbstractApplicationContext.refresh(AbstractApplicationContext.java:483) [spring-context-4.1.3.RELEASE.jar:4.1.3.RELEASE]
	at org.springframework.boot.context.embedded.EmbeddedWebApplicationContext.refresh(EmbeddedWebApplicationContext.java:109) [spring-boot-1.2.0.RELEASE.jar:1.2.0.RELEASE]
	at org.springframework.boot.SpringApplication.refresh(SpringApplication.java:691) [spring-boot-1.2.0.RELEASE.jar:1.2.0.RELEASE]
	at org.springframework.boot.SpringApplication.run(SpringApplication.java:321) [spring-boot-1.2.0.RELEASE.jar:1.2.0.RELEASE]
	at org.springframework.boot.SpringApplication.run(SpringApplication.java:961) [spring-boot-1.2.0.RELEASE.jar:1.2.0.RELEASE]
	at org.springframework.boot.SpringApplication.run(SpringApplication.java:950) [spring-boot-1.2.0.RELEASE.jar:1.2.0.RELEASE]
	at com.withlee.dbm.Application.main(Application.java:29) [classes/:na]
[dbm-api] 10:58:09.419 [main] ERROR org.apache.catalina.core.StandardService - Failed to start connector [Connector[HTTP/1.1-8001]]
org.apache.catalina.LifecycleException: Failed to start component [Connector[HTTP/1.1-8001]]
	at org.apache.catalina.util.LifecycleBase.start(LifecycleBase.java:154) ~[tomcat-embed-core-8.0.15.jar:8.0.15]
	at org.apache.catalina.core.StandardService.addConnector(StandardService.java:237) ~[tomcat-embed-core-8.0.15.jar:8.0.15]
	at org.springframework.boot.context.embedded.tomcat.TomcatEmbeddedServletContainer.addPreviouslyRemovedConnectors(TomcatEmbeddedServletContainer.java:194) [spring-boot-1.2.0.RELEASE.jar:1.2.0.RELEASE]
	at org.springframework.boot.context.embedded.tomcat.TomcatEmbeddedServletContainer.start(TomcatEmbeddedServletContainer.java:155) [spring-boot-1.2.0.RELEASE.jar:1.2.0.RELEASE]
	at org.springframework.boot.context.embedded.EmbeddedWebApplicationContext.startEmbeddedServletContainer(EmbeddedWebApplicationContext.java:270) [spring-boot-1.2.0.RELEASE.jar:1.2.0.RELEASE]
	at org.springframework.boot.context.embedded.EmbeddedWebApplicationContext.finishRefresh(EmbeddedWebApplicationContext.java:132) [spring-boot-1.2.0.RELEASE.jar:1.2.0.RELEASE]
	at org.springframework.context.support.AbstractApplicationContext.refresh(AbstractApplicationContext.java:483) [spring-context-4.1.3.RELEASE.jar:4.1.3.RELEASE]
	at org.springframework.boot.context.embedded.EmbeddedWebApplicationContext.refresh(EmbeddedWebApplicationContext.java:109) [spring-boot-1.2.0.RELEASE.jar:1.2.0.RELEASE]
	at org.springframework.boot.SpringApplication.refresh(SpringApplication.java:691) [spring-boot-1.2.0.RELEASE.jar:1.2.0.RELEASE]
	at org.springframework.boot.SpringApplication.run(SpringApplication.java:321) [spring-boot-1.2.0.RELEASE.jar:1.2.0.RELEASE]
	at org.springframework.boot.SpringApplication.run(SpringApplication.java:961) [spring-boot-1.2.0.RELEASE.jar:1.2.0.RELEASE]
	at org.springframework.boot.SpringApplication.run(SpringApplication.java:950) [spring-boot-1.2.0.RELEASE.jar:1.2.0.RELEASE]
	at com.withlee.dbm.Application.main(Application.java:29) [classes/:na]
Caused by: org.apache.catalina.LifecycleException: service.getName(): "Tomcat";  Protocol handler start failed
	at org.apache.catalina.connector.Connector.startInternal(Connector.java:993) ~[tomcat-embed-core-8.0.15.jar:8.0.15]
	at org.apache.catalina.util.LifecycleBase.start(LifecycleBase.java:150) ~[tomcat-embed-core-8.0.15.jar:8.0.15]
	... 12 common frames omitted
Caused by: java.net.BindException: Address already in use: bind
	at sun.nio.ch.Net.bind0(Native Method) ~[na:1.8.0_60]
	at sun.nio.ch.Net.bind(Net.java:433) ~[na:1.8.0_60]
	at sun.nio.ch.Net.bind(Net.java:425) ~[na:1.8.0_60]
	at sun.nio.ch.ServerSocketChannelImpl.bind(ServerSocketChannelImpl.java:223) ~[na:1.8.0_60]
	at sun.nio.ch.ServerSocketAdaptor.bind(ServerSocketAdaptor.java:74) ~[na:1.8.0_60]
	at org.apache.tomcat.util.net.NioEndpoint.bind(NioEndpoint.java:343) ~[tomcat-embed-core-8.0.15.jar:8.0.15]
	at org.apache.tomcat.util.net.AbstractEndpoint.start(AbstractEndpoint.java:737) ~[tomcat-embed-core-8.0.15.jar:8.0.15]
	at org.apache.coyote.AbstractProtocol.start(AbstractProtocol.java:471) ~[tomcat-embed-core-8.0.15.jar:8.0.15]
	at org.apache.coyote.http11.Http11NioProtocol.start(Http11NioProtocol.java:80) ~[tomcat-embed-core-8.0.15.jar:8.0.15]
	at org.apache.catalina.connector.Connector.startInternal(Connector.java:986) ~[tomcat-embed-core-8.0.15.jar:8.0.15]
	... 13 common frames omitted
[dbm-api] 10:58:09.429 [main] INFO  org.apache.coyote.http11.Http11NioProtocol - Pausing ProtocolHandler ["http-nio-8001"]
[dbm-api] 10:58:09.430 [main] INFO  org.apache.catalina.core.StandardService - Stopping service Tomcat
[dbm-api] 10:58:09.450 [main] INFO  org.apache.catalina.util.LifecycleBase - The stop() method was called on component [StandardServer[-1]] after stop() had already been called. The second call will be ignored.
[dbm-api] 10:58:09.451 [main] INFO  org.apache.coyote.http11.Http11NioProtocol - Stopping ProtocolHandler ["http-nio-8001"]
[dbm-api] 10:58:09.451 [main] INFO  org.apache.coyote.http11.Http11NioProtocol - Destroying ProtocolHandler ["http-nio-8001"]
[dbm-api] 10:58:09.454 [main] ERROR org.springframework.boot.SpringApplication - Application startup failed
java.lang.IllegalStateException: Tomcat connector in failed state
	at org.springframework.boot.context.embedded.tomcat.TomcatEmbeddedServletContainer.start(TomcatEmbeddedServletContainer.java:165) ~[spring-boot-1.2.0.RELEASE.jar:1.2.0.RELEASE]
	at org.springframework.boot.context.embedded.EmbeddedWebApplicationContext.startEmbeddedServletContainer(EmbeddedWebApplicationContext.java:270) ~[spring-boot-1.2.0.RELEASE.jar:1.2.0.RELEASE]
	at org.springframework.boot.context.embedded.EmbeddedWebApplicationContext.finishRefresh(EmbeddedWebApplicationContext.java:132) ~[spring-boot-1.2.0.RELEASE.jar:1.2.0.RELEASE]
	at org.springframework.context.support.AbstractApplicationContext.refresh(AbstractApplicationContext.java:483) ~[spring-context-4.1.3.RELEASE.jar:4.1.3.RELEASE]
	at org.springframework.boot.context.embedded.EmbeddedWebApplicationContext.refresh(EmbeddedWebApplicationContext.java:109) ~[spring-boot-1.2.0.RELEASE.jar:1.2.0.RELEASE]
	at org.springframework.boot.SpringApplication.refresh(SpringApplication.java:691) [spring-boot-1.2.0.RELEASE.jar:1.2.0.RELEASE]
	at org.springframework.boot.SpringApplication.run(SpringApplication.java:321) [spring-boot-1.2.0.RELEASE.jar:1.2.0.RELEASE]
	at org.springframework.boot.SpringApplication.run(SpringApplication.java:961) [spring-boot-1.2.0.RELEASE.jar:1.2.0.RELEASE]
	at org.springframework.boot.SpringApplication.run(SpringApplication.java:950) [spring-boot-1.2.0.RELEASE.jar:1.2.0.RELEASE]
	at com.withlee.dbm.Application.main(Application.java:29) [classes/:na]
[dbm-api] 10:58:09.553 [main] INFO  com.zaxxer.hikari.pool.HikariPool - HikariCP pool HikariPool-0 is shutting down.
[dbm-api] 10:58:51.497 [main] INFO  com.withlee.dbm.Application - Starting Application on LAPTOP-T7OVDIH0 with PID 9968 (D:\workspaces\dbm-api\target\classes started by think in D:\workspaces\dbm-api)
[dbm-api] 10:58:53.082 [main] INFO  org.hibernate.validator.internal.util.Version - HV000001: Hibernate Validator 5.1.3.Final
[dbm-api] 10:58:54.008 [main] INFO  com.zaxxer.hikari.HikariDataSource - HikariCP pool HikariPool-0 is starting.
[dbm-api] 10:58:56.163 [main] INFO  org.apache.catalina.core.StandardService - Starting service Tomcat
[dbm-api] 10:58:56.164 [main] INFO  org.apache.catalina.core.StandardEngine - Starting Servlet Engine: Apache Tomcat/8.0.15
[dbm-api] 10:58:56.289 [localhost-startStop-1] INFO  org.apache.catalina.core.ContainerBase.[Tomcat].[localhost].[/] - Initializing Spring embedded WebApplicationContext
[dbm-api] 10:58:57.954 [main] INFO  org.apache.coyote.http11.Http11NioProtocol - Initializing ProtocolHandler ["http-nio-8001"]
[dbm-api] 10:58:57.963 [main] INFO  org.apache.coyote.http11.Http11NioProtocol - Starting ProtocolHandler ["http-nio-8001"]
[dbm-api] 10:58:57.967 [main] INFO  org.apache.tomcat.util.net.NioSelectorPool - Using a shared selector for servlet write/read
[dbm-api] 10:58:57.992 [main] INFO  com.withlee.dbm.Application - Started Application in 6.724 seconds (JVM running for 7.364)
[dbm-api] 10:59:47.966 [http-nio-8001-exec-1] INFO  org.apache.catalina.core.ContainerBase.[Tomcat].[localhost].[/] - Initializing Spring FrameworkServlet 'dispatcherServlet'
[dbm-api] 10:59:59.744 [http-nio-8001-exec-2] ERROR com.withlee.dbm.filter.UserTokenFilter - [doFilterInternal] - access denied [/favicon.ico]
[dbm-api] 11:00:35.386 [http-nio-8001-exec-4] ERROR com.withlee.dbm.filter.UserTokenFilter - [doFilterInternal] - access denied [/favicon.ico]
[dbm-api] 11:01:53.409 [main] INFO  com.withlee.dbm.Application - Starting Application on LAPTOP-T7OVDIH0 with PID 15028 (D:\workspaces\dbm-api\target\classes started by think in D:\workspaces\dbm-api)
[dbm-api] 11:01:55.157 [main] INFO  org.hibernate.validator.internal.util.Version - HV000001: Hibernate Validator 5.1.3.Final
[dbm-api] 11:01:56.049 [main] INFO  com.zaxxer.hikari.HikariDataSource - HikariCP pool HikariPool-0 is starting.
[dbm-api] 11:01:58.655 [main] INFO  org.apache.catalina.core.StandardService - Starting service Tomcat
[dbm-api] 11:01:58.658 [main] INFO  org.apache.catalina.core.StandardEngine - Starting Servlet Engine: Apache Tomcat/8.0.15
[dbm-api] 11:01:58.812 [localhost-startStop-1] INFO  org.apache.catalina.core.ContainerBase.[Tomcat].[localhost].[/] - Initializing Spring embedded WebApplicationContext
[dbm-api] 11:02:01.206 [main] INFO  org.apache.coyote.http11.Http11NioProtocol - Initializing ProtocolHandler ["http-nio-8001"]
[dbm-api] 11:02:01.220 [main] INFO  org.apache.coyote.http11.Http11NioProtocol - Starting ProtocolHandler ["http-nio-8001"]
[dbm-api] 11:02:01.224 [main] INFO  org.apache.tomcat.util.net.NioSelectorPool - Using a shared selector for servlet write/read
[dbm-api] 11:02:01.252 [main] INFO  com.withlee.dbm.Application - Started Application in 8.135 seconds (JVM running for 9.122)
[dbm-api] 11:02:06.695 [http-nio-8001-exec-1] INFO  org.apache.catalina.core.ContainerBase.[Tomcat].[localhost].[/] - Initializing Spring FrameworkServlet 'dispatcherServlet'
[dbm-api] 11:04:20.322 [http-nio-8001-exec-2] ERROR com.withlee.dbm.filter.UserTokenFilter - [doFilterInternal] - access denied [/favicon.ico]
[dbm-api] 11:06:44.812 [main] INFO  com.withlee.dbm.Application - Starting Application on LAPTOP-T7OVDIH0 with PID 740 (D:\workspaces\dbm-api\target\classes started by think in D:\workspaces\dbm-api)
[dbm-api] 11:06:46.212 [main] INFO  org.hibernate.validator.internal.util.Version - HV000001: Hibernate Validator 5.1.3.Final
[dbm-api] 11:06:46.952 [main] INFO  com.zaxxer.hikari.HikariDataSource - HikariCP pool HikariPool-0 is starting.
[dbm-api] 11:06:49.473 [main] INFO  org.apache.catalina.core.StandardService - Starting service Tomcat
[dbm-api] 11:06:49.474 [main] INFO  org.apache.catalina.core.StandardEngine - Starting Servlet Engine: Apache Tomcat/8.0.15
[dbm-api] 11:06:49.676 [localhost-startStop-1] INFO  org.apache.catalina.core.ContainerBase.[Tomcat].[localhost].[/] - Initializing Spring embedded WebApplicationContext
[dbm-api] 11:06:51.612 [main] INFO  org.apache.coyote.http11.Http11NioProtocol - Initializing ProtocolHandler ["http-nio-8001"]
[dbm-api] 11:06:51.621 [main] INFO  org.apache.coyote.http11.Http11NioProtocol - Starting ProtocolHandler ["http-nio-8001"]
[dbm-api] 11:06:51.629 [main] ERROR org.apache.coyote.http11.Http11NioProtocol - Failed to start end point associated with ProtocolHandler ["http-nio-8001"]
java.net.BindException: Address already in use: bind
	at sun.nio.ch.Net.bind0(Native Method) ~[na:1.8.0_60]
	at sun.nio.ch.Net.bind(Net.java:433) ~[na:1.8.0_60]
	at sun.nio.ch.Net.bind(Net.java:425) ~[na:1.8.0_60]
	at sun.nio.ch.ServerSocketChannelImpl.bind(ServerSocketChannelImpl.java:223) ~[na:1.8.0_60]
	at sun.nio.ch.ServerSocketAdaptor.bind(ServerSocketAdaptor.java:74) ~[na:1.8.0_60]
	at org.apache.tomcat.util.net.NioEndpoint.bind(NioEndpoint.java:343) ~[tomcat-embed-core-8.0.15.jar:8.0.15]
	at org.apache.tomcat.util.net.AbstractEndpoint.start(AbstractEndpoint.java:737) ~[tomcat-embed-core-8.0.15.jar:8.0.15]
	at org.apache.coyote.AbstractProtocol.start(AbstractProtocol.java:471) ~[tomcat-embed-core-8.0.15.jar:8.0.15]
	at org.apache.coyote.http11.Http11NioProtocol.start(Http11NioProtocol.java:80) [tomcat-embed-core-8.0.15.jar:8.0.15]
	at org.apache.catalina.connector.Connector.startInternal(Connector.java:986) [tomcat-embed-core-8.0.15.jar:8.0.15]
	at org.apache.catalina.util.LifecycleBase.start(LifecycleBase.java:150) [tomcat-embed-core-8.0.15.jar:8.0.15]
	at org.apache.catalina.core.StandardService.addConnector(StandardService.java:237) [tomcat-embed-core-8.0.15.jar:8.0.15]
	at org.springframework.boot.context.embedded.tomcat.TomcatEmbeddedServletContainer.addPreviouslyRemovedConnectors(TomcatEmbeddedServletContainer.java:194) [spring-boot-1.2.0.RELEASE.jar:1.2.0.RELEASE]
	at org.springframework.boot.context.embedded.tomcat.TomcatEmbeddedServletContainer.start(TomcatEmbeddedServletContainer.java:155) [spring-boot-1.2.0.RELEASE.jar:1.2.0.RELEASE]
	at org.springframework.boot.context.embedded.EmbeddedWebApplicationContext.startEmbeddedServletContainer(EmbeddedWebApplicationContext.java:270) [spring-boot-1.2.0.RELEASE.jar:1.2.0.RELEASE]
	at org.springframework.boot.context.embedded.EmbeddedWebApplicationContext.finishRefresh(EmbeddedWebApplicationContext.java:132) [spring-boot-1.2.0.RELEASE.jar:1.2.0.RELEASE]
	at org.springframework.context.support.AbstractApplicationContext.refresh(AbstractApplicationContext.java:483) [spring-context-4.1.3.RELEASE.jar:4.1.3.RELEASE]
	at org.springframework.boot.context.embedded.EmbeddedWebApplicationContext.refresh(EmbeddedWebApplicationContext.java:109) [spring-boot-1.2.0.RELEASE.jar:1.2.0.RELEASE]
	at org.springframework.boot.SpringApplication.refresh(SpringApplication.java:691) [spring-boot-1.2.0.RELEASE.jar:1.2.0.RELEASE]
	at org.springframework.boot.SpringApplication.run(SpringApplication.java:321) [spring-boot-1.2.0.RELEASE.jar:1.2.0.RELEASE]
	at org.springframework.boot.SpringApplication.run(SpringApplication.java:961) [spring-boot-1.2.0.RELEASE.jar:1.2.0.RELEASE]
	at org.springframework.boot.SpringApplication.run(SpringApplication.java:950) [spring-boot-1.2.0.RELEASE.jar:1.2.0.RELEASE]
	at com.withlee.dbm.Application.main(Application.java:29) [classes/:na]
[dbm-api] 11:06:51.631 [main] ERROR org.apache.catalina.core.StandardService - Failed to start connector [Connector[HTTP/1.1-8001]]
org.apache.catalina.LifecycleException: Failed to start component [Connector[HTTP/1.1-8001]]
	at org.apache.catalina.util.LifecycleBase.start(LifecycleBase.java:154) ~[tomcat-embed-core-8.0.15.jar:8.0.15]
	at org.apache.catalina.core.StandardService.addConnector(StandardService.java:237) ~[tomcat-embed-core-8.0.15.jar:8.0.15]
	at org.springframework.boot.context.embedded.tomcat.TomcatEmbeddedServletContainer.addPreviouslyRemovedConnectors(TomcatEmbeddedServletContainer.java:194) [spring-boot-1.2.0.RELEASE.jar:1.2.0.RELEASE]
	at org.springframework.boot.context.embedded.tomcat.TomcatEmbeddedServletContainer.start(TomcatEmbeddedServletContainer.java:155) [spring-boot-1.2.0.RELEASE.jar:1.2.0.RELEASE]
	at org.springframework.boot.context.embedded.EmbeddedWebApplicationContext.startEmbeddedServletContainer(EmbeddedWebApplicationContext.java:270) [spring-boot-1.2.0.RELEASE.jar:1.2.0.RELEASE]
	at org.springframework.boot.context.embedded.EmbeddedWebApplicationContext.finishRefresh(EmbeddedWebApplicationContext.java:132) [spring-boot-1.2.0.RELEASE.jar:1.2.0.RELEASE]
	at org.springframework.context.support.AbstractApplicationContext.refresh(AbstractApplicationContext.java:483) [spring-context-4.1.3.RELEASE.jar:4.1.3.RELEASE]
	at org.springframework.boot.context.embedded.EmbeddedWebApplicationContext.refresh(EmbeddedWebApplicationContext.java:109) [spring-boot-1.2.0.RELEASE.jar:1.2.0.RELEASE]
	at org.springframework.boot.SpringApplication.refresh(SpringApplication.java:691) [spring-boot-1.2.0.RELEASE.jar:1.2.0.RELEASE]
	at org.springframework.boot.SpringApplication.run(SpringApplication.java:321) [spring-boot-1.2.0.RELEASE.jar:1.2.0.RELEASE]
	at org.springframework.boot.SpringApplication.run(SpringApplication.java:961) [spring-boot-1.2.0.RELEASE.jar:1.2.0.RELEASE]
	at org.springframework.boot.SpringApplication.run(SpringApplication.java:950) [spring-boot-1.2.0.RELEASE.jar:1.2.0.RELEASE]
	at com.withlee.dbm.Application.main(Application.java:29) [classes/:na]
Caused by: org.apache.catalina.LifecycleException: service.getName(): "Tomcat";  Protocol handler start failed
	at org.apache.catalina.connector.Connector.startInternal(Connector.java:993) ~[tomcat-embed-core-8.0.15.jar:8.0.15]
	at org.apache.catalina.util.LifecycleBase.start(LifecycleBase.java:150) ~[tomcat-embed-core-8.0.15.jar:8.0.15]
	... 12 common frames omitted
Caused by: java.net.BindException: Address already in use: bind
	at sun.nio.ch.Net.bind0(Native Method) ~[na:1.8.0_60]
	at sun.nio.ch.Net.bind(Net.java:433) ~[na:1.8.0_60]
	at sun.nio.ch.Net.bind(Net.java:425) ~[na:1.8.0_60]
	at sun.nio.ch.ServerSocketChannelImpl.bind(ServerSocketChannelImpl.java:223) ~[na:1.8.0_60]
	at sun.nio.ch.ServerSocketAdaptor.bind(ServerSocketAdaptor.java:74) ~[na:1.8.0_60]
	at org.apache.tomcat.util.net.NioEndpoint.bind(NioEndpoint.java:343) ~[tomcat-embed-core-8.0.15.jar:8.0.15]
	at org.apache.tomcat.util.net.AbstractEndpoint.start(AbstractEndpoint.java:737) ~[tomcat-embed-core-8.0.15.jar:8.0.15]
	at org.apache.coyote.AbstractProtocol.start(AbstractProtocol.java:471) ~[tomcat-embed-core-8.0.15.jar:8.0.15]
	at org.apache.coyote.http11.Http11NioProtocol.start(Http11NioProtocol.java:80) ~[tomcat-embed-core-8.0.15.jar:8.0.15]
	at org.apache.catalina.connector.Connector.startInternal(Connector.java:986) ~[tomcat-embed-core-8.0.15.jar:8.0.15]
	... 13 common frames omitted
[dbm-api] 11:06:51.641 [main] INFO  org.apache.coyote.http11.Http11NioProtocol - Pausing ProtocolHandler ["http-nio-8001"]
[dbm-api] 11:06:51.641 [main] INFO  org.apache.catalina.core.StandardService - Stopping service Tomcat
[dbm-api] 11:06:51.647 [main] INFO  org.apache.catalina.util.LifecycleBase - The stop() method was called on component [StandardServer[-1]] after stop() had already been called. The second call will be ignored.
[dbm-api] 11:06:51.648 [main] INFO  org.apache.coyote.http11.Http11NioProtocol - Stopping ProtocolHandler ["http-nio-8001"]
[dbm-api] 11:06:51.648 [main] INFO  org.apache.coyote.http11.Http11NioProtocol - Destroying ProtocolHandler ["http-nio-8001"]
[dbm-api] 11:06:51.650 [main] ERROR org.springframework.boot.SpringApplication - Application startup failed
java.lang.IllegalStateException: Tomcat connector in failed state
	at org.springframework.boot.context.embedded.tomcat.TomcatEmbeddedServletContainer.start(TomcatEmbeddedServletContainer.java:165) ~[spring-boot-1.2.0.RELEASE.jar:1.2.0.RELEASE]
	at org.springframework.boot.context.embedded.EmbeddedWebApplicationContext.startEmbeddedServletContainer(EmbeddedWebApplicationContext.java:270) ~[spring-boot-1.2.0.RELEASE.jar:1.2.0.RELEASE]
	at org.springframework.boot.context.embedded.EmbeddedWebApplicationContext.finishRefresh(EmbeddedWebApplicationContext.java:132) ~[spring-boot-1.2.0.RELEASE.jar:1.2.0.RELEASE]
	at org.springframework.context.support.AbstractApplicationContext.refresh(AbstractApplicationContext.java:483) ~[spring-context-4.1.3.RELEASE.jar:4.1.3.RELEASE]
	at org.springframework.boot.context.embedded.EmbeddedWebApplicationContext.refresh(EmbeddedWebApplicationContext.java:109) ~[spring-boot-1.2.0.RELEASE.jar:1.2.0.RELEASE]
	at org.springframework.boot.SpringApplication.refresh(SpringApplication.java:691) [spring-boot-1.2.0.RELEASE.jar:1.2.0.RELEASE]
	at org.springframework.boot.SpringApplication.run(SpringApplication.java:321) [spring-boot-1.2.0.RELEASE.jar:1.2.0.RELEASE]
	at org.springframework.boot.SpringApplication.run(SpringApplication.java:961) [spring-boot-1.2.0.RELEASE.jar:1.2.0.RELEASE]
	at org.springframework.boot.SpringApplication.run(SpringApplication.java:950) [spring-boot-1.2.0.RELEASE.jar:1.2.0.RELEASE]
	at com.withlee.dbm.Application.main(Application.java:29) [classes/:na]
[dbm-api] 11:06:51.665 [main] INFO  com.zaxxer.hikari.pool.HikariPool - HikariCP pool HikariPool-0 is shutting down.
[dbm-api] 11:07:08.166 [main] INFO  com.withlee.dbm.Application - Starting Application on LAPTOP-T7OVDIH0 with PID 376 (D:\workspaces\dbm-api\target\classes started by think in D:\workspaces\dbm-api)
[dbm-api] 11:07:09.502 [main] INFO  org.hibernate.validator.internal.util.Version - HV000001: Hibernate Validator 5.1.3.Final
[dbm-api] 11:07:10.234 [main] INFO  com.zaxxer.hikari.HikariDataSource - HikariCP pool HikariPool-0 is starting.
[dbm-api] 11:07:12.357 [main] INFO  org.apache.catalina.core.StandardService - Starting service Tomcat
[dbm-api] 11:07:12.358 [main] INFO  org.apache.catalina.core.StandardEngine - Starting Servlet Engine: Apache Tomcat/8.0.15
[dbm-api] 11:07:12.469 [localhost-startStop-1] INFO  org.apache.catalina.core.ContainerBase.[Tomcat].[localhost].[/] - Initializing Spring embedded WebApplicationContext
[dbm-api] 11:07:14.185 [main] INFO  org.apache.coyote.http11.Http11NioProtocol - Initializing ProtocolHandler ["http-nio-8001"]
[dbm-api] 11:07:14.198 [main] INFO  org.apache.coyote.http11.Http11NioProtocol - Starting ProtocolHandler ["http-nio-8001"]
[dbm-api] 11:07:14.203 [main] INFO  org.apache.tomcat.util.net.NioSelectorPool - Using a shared selector for servlet write/read
[dbm-api] 11:07:14.227 [main] INFO  com.withlee.dbm.Application - Started Application in 6.282 seconds (JVM running for 6.894)
[dbm-api] 11:07:20.079 [http-nio-8001-exec-1] INFO  org.apache.catalina.core.ContainerBase.[Tomcat].[localhost].[/] - Initializing Spring FrameworkServlet 'dispatcherServlet'
[dbm-api] 11:07:34.040 [http-nio-8001-exec-2] ERROR com.withlee.dbm.filter.UserTokenFilter - [doFilterInternal] - access denied [/favicon.ico]
[dbm-api] 11:07:47.739 [http-nio-8001-exec-4] ERROR com.withlee.dbm.filter.UserTokenFilter - [doFilterInternal] - access denied [/favicon.ico]
[dbm-api] 11:07:55.024 [http-nio-8001-exec-6] ERROR com.withlee.dbm.filter.UserTokenFilter - [doFilterInternal] - access denied [/favicon.ico]
[dbm-api] 11:08:19.503 [http-nio-8001-exec-1] ERROR com.withlee.dbm.filter.UserTokenFilter - [doFilterInternal] - access denied [/favicon.ico]
