[dbm-api] 16:58:29.229 [main] INFO  com.withlee.dbm.Application - Starting Application on LAPTOP-T7OVDIH0 with PID 16300 (D:\workspaces\dbm-api\target\classes started by think in D:\workspaces\dbm-api)
[dbm-api] 16:58:31.510 [main] INFO  org.hibernate.validator.internal.util.Version - HV000001: Hibernate Validator 5.1.3.Final
[dbm-api] 16:58:32.670 [main] INFO  com.zaxxer.hikari.HikariDataSource - HikariCP pool HikariPool-0 is starting.
[dbm-api] 16:58:36.391 [main] INFO  org.apache.catalina.core.StandardService - Starting service Tomcat
[dbm-api] 16:58:36.393 [main] INFO  org.apache.catalina.core.StandardEngine - Starting Servlet Engine: Apache Tomcat/8.0.15
[dbm-api] 16:58:36.572 [localhost-startStop-1] INFO  org.apache.catalina.core.ContainerBase.[Tomcat].[localhost].[/] - Initializing Spring embedded WebApplicationContext
[dbm-api] 16:58:39.410 [main] INFO  org.apache.coyote.http11.Http11NioProtocol - Initializing ProtocolHandler ["http-nio-8001"]
[dbm-api] 16:58:39.417 [main] INFO  org.apache.coyote.http11.Http11NioProtocol - Starting ProtocolHandler ["http-nio-8001"]
[dbm-api] 16:58:39.423 [main] INFO  org.apache.tomcat.util.net.NioSelectorPool - Using a shared selector for servlet write/read
[dbm-api] 16:58:39.445 [main] INFO  com.withlee.dbm.Application - Started Application in 10.693 seconds (JVM running for 11.756)
[dbm-api] 17:02:15.186 [http-nio-8001-exec-1] INFO  org.apache.catalina.core.ContainerBase.[Tomcat].[localhost].[/] - Initializing Spring FrameworkServlet 'dispatcherServlet'
[dbm-api] 17:02:16.373 [http-nio-8001-exec-1] ERROR com.withlee.dbm.controller.showapi.HistorytodayController - [getHistorytoday] - fail to getHistorytoday 
### Error updating database.  Cause: com.mysql.jdbc.exceptions.jdbc4.MySQLIntegrityConstraintViolationException: Column 'stitle' cannot be null
### The error may involve com.withlee.dbm.persistence.mapper.showapi.HistorytodayMapper.addIcHistorytoday-Inline
### The error occurred while setting parameters
### SQL: INSERT  INTO ic_historytoday(stitle,simg,syear,smonth,sday)    VALUES (?,?,?,?,?);
### Cause: com.mysql.jdbc.exceptions.jdbc4.MySQLIntegrityConstraintViolationException: Column 'stitle' cannot be null
; SQL []; Column 'stitle' cannot be null; nested exception is com.mysql.jdbc.exceptions.jdbc4.MySQLIntegrityConstraintViolationException: Column 'stitle' cannot be null
[dbm-api] 17:02:16.534 [http-nio-8001-exec-2] ERROR com.withlee.dbm.filter.UserTokenFilter - [doFilterInternal] - access denied [/favicon.ico]
[dbm-api] 17:02:25.591 [http-nio-8001-exec-3] ERROR com.withlee.dbm.controller.showapi.HistorytodayController - [getHistorytoday] - fail to getHistorytoday 
### Error updating database.  Cause: com.mysql.jdbc.exceptions.jdbc4.MySQLIntegrityConstraintViolationException: Column 'stitle' cannot be null
### The error may involve com.withlee.dbm.persistence.mapper.showapi.HistorytodayMapper.addIcHistorytoday-Inline
### The error occurred while setting parameters
### SQL: INSERT  INTO ic_historytoday(stitle,simg,syear,smonth,sday)    VALUES (?,?,?,?,?);
### Cause: com.mysql.jdbc.exceptions.jdbc4.MySQLIntegrityConstraintViolationException: Column 'stitle' cannot be null
; SQL []; Column 'stitle' cannot be null; nested exception is com.mysql.jdbc.exceptions.jdbc4.MySQLIntegrityConstraintViolationException: Column 'stitle' cannot be null
[dbm-api] 17:02:25.610 [http-nio-8001-exec-4] ERROR com.withlee.dbm.filter.UserTokenFilter - [doFilterInternal] - access denied [/favicon.ico]
[dbm-api] 17:05:04.447 [main] INFO  com.withlee.dbm.Application - Starting Application on LAPTOP-T7OVDIH0 with PID 4684 (D:\workspaces\dbm-api\target\classes started by think in D:\workspaces\dbm-api)
[dbm-api] 17:05:06.699 [main] INFO  org.hibernate.validator.internal.util.Version - HV000001: Hibernate Validator 5.1.3.Final
[dbm-api] 17:05:07.791 [main] INFO  com.zaxxer.hikari.HikariDataSource - HikariCP pool HikariPool-0 is starting.
[dbm-api] 17:05:10.635 [main] INFO  org.apache.catalina.core.StandardService - Starting service Tomcat
[dbm-api] 17:05:10.637 [main] INFO  org.apache.catalina.core.StandardEngine - Starting Servlet Engine: Apache Tomcat/8.0.15
[dbm-api] 17:05:10.823 [localhost-startStop-1] INFO  org.apache.catalina.core.ContainerBase.[Tomcat].[localhost].[/] - Initializing Spring embedded WebApplicationContext
[dbm-api] 17:05:13.138 [main] INFO  org.apache.coyote.http11.Http11NioProtocol - Initializing ProtocolHandler ["http-nio-8001"]
[dbm-api] 17:05:13.160 [main] INFO  org.apache.coyote.http11.Http11NioProtocol - Starting ProtocolHandler ["http-nio-8001"]
[dbm-api] 17:05:13.165 [main] INFO  org.apache.tomcat.util.net.NioSelectorPool - Using a shared selector for servlet write/read
[dbm-api] 17:05:13.209 [main] INFO  com.withlee.dbm.Application - Started Application in 9.09 seconds (JVM running for 9.938)
[dbm-api] 17:06:07.686 [http-nio-8001-exec-1] INFO  org.apache.catalina.core.ContainerBase.[Tomcat].[localhost].[/] - Initializing Spring FrameworkServlet 'dispatcherServlet'
[dbm-api] 17:06:09.386 [http-nio-8001-exec-1] ERROR com.withlee.dbm.controller.showapi.HistorytodayController - [getHistorytoday] - fail to getHistorytoday 
### Error updating database.  Cause: com.mysql.jdbc.exceptions.jdbc4.MySQLIntegrityConstraintViolationException: Column 'simg' cannot be null
### The error may involve com.withlee.dbm.persistence.mapper.showapi.HistorytodayMapper.addIcHistorytoday-Inline
### The error occurred while setting parameters
### SQL: INSERT  INTO ic_historytoday(stitle,simg,syear,smonth,sday)    VALUES (?,?,?,?,?);
### Cause: com.mysql.jdbc.exceptions.jdbc4.MySQLIntegrityConstraintViolationException: Column 'simg' cannot be null
; SQL []; Column 'simg' cannot be null; nested exception is com.mysql.jdbc.exceptions.jdbc4.MySQLIntegrityConstraintViolationException: Column 'simg' cannot be null
[dbm-api] 17:06:09.478 [http-nio-8001-exec-2] ERROR com.withlee.dbm.filter.UserTokenFilter - [doFilterInternal] - access denied [/favicon.ico]
[dbm-api] 17:07:29.402 [main] INFO  com.withlee.dbm.Application - Starting Application on LAPTOP-T7OVDIH0 with PID 5320 (D:\workspaces\dbm-api\target\classes started by think in D:\workspaces\dbm-api)
[dbm-api] 17:07:31.272 [main] INFO  org.hibernate.validator.internal.util.Version - HV000001: Hibernate Validator 5.1.3.Final
[dbm-api] 17:07:32.297 [main] INFO  com.zaxxer.hikari.HikariDataSource - HikariCP pool HikariPool-0 is starting.
[dbm-api] 17:07:35.044 [main] INFO  org.apache.catalina.core.StandardService - Starting service Tomcat
[dbm-api] 17:07:35.045 [main] INFO  org.apache.catalina.core.StandardEngine - Starting Servlet Engine: Apache Tomcat/8.0.15
[dbm-api] 17:07:35.214 [localhost-startStop-1] INFO  org.apache.catalina.core.ContainerBase.[Tomcat].[localhost].[/] - Initializing Spring embedded WebApplicationContext
[dbm-api] 17:07:37.563 [main] INFO  org.apache.coyote.http11.Http11NioProtocol - Initializing ProtocolHandler ["http-nio-8001"]
[dbm-api] 17:07:37.575 [main] INFO  org.apache.coyote.http11.Http11NioProtocol - Starting ProtocolHandler ["http-nio-8001"]
[dbm-api] 17:07:37.581 [main] INFO  org.apache.tomcat.util.net.NioSelectorPool - Using a shared selector for servlet write/read
[dbm-api] 17:07:37.606 [main] INFO  com.withlee.dbm.Application - Started Application in 8.502 seconds (JVM running for 9.242)
[dbm-api] 17:07:44.972 [http-nio-8001-exec-1] INFO  org.apache.catalina.core.ContainerBase.[Tomcat].[localhost].[/] - Initializing Spring FrameworkServlet 'dispatcherServlet'
[dbm-api] 17:07:52.340 [http-nio-8001-exec-2] ERROR com.withlee.dbm.filter.UserTokenFilter - [doFilterInternal] - access denied [/favicon.ico]
[dbm-api] 17:14:25.792 [http-nio-8001-exec-5] ERROR com.withlee.dbm.filter.UserTokenFilter - [doFilterInternal] - access denied [/favicon.ico]
[dbm-api] 17:16:14.392 [http-nio-8001-exec-7] ERROR com.withlee.dbm.controller.showapi.HistorytodayController - [getHistorytoday] - fail to getHistorytoday null
[dbm-api] 17:16:14.425 [http-nio-8001-exec-8] ERROR com.withlee.dbm.filter.UserTokenFilter - [doFilterInternal] - access denied [/favicon.ico]
[dbm-api] 17:17:05.514 [http-nio-8001-exec-1] ERROR com.withlee.dbm.filter.UserTokenFilter - [doFilterInternal] - access denied [/favicon.ico]
[dbm-api] 17:17:28.603 [http-nio-8001-exec-3] ERROR com.withlee.dbm.controller.showapi.HistorytodayController - [getHistorytoday] - fail to getHistorytoday null
[dbm-api] 17:17:28.624 [http-nio-8001-exec-4] ERROR com.withlee.dbm.filter.UserTokenFilter - [doFilterInternal] - access denied [/favicon.ico]
[dbm-api] 17:19:38.364 [main] INFO  com.withlee.dbm.Application - Starting Application on LAPTOP-T7OVDIH0 with PID 7744 (D:\workspaces\dbm-api\target\classes started by think in D:\workspaces\dbm-api)
[dbm-api] 17:19:40.402 [main] INFO  org.hibernate.validator.internal.util.Version - HV000001: Hibernate Validator 5.1.3.Final
[dbm-api] 17:19:41.624 [main] INFO  com.zaxxer.hikari.HikariDataSource - HikariCP pool HikariPool-0 is starting.
[dbm-api] 17:19:44.476 [main] INFO  org.apache.catalina.core.StandardService - Starting service Tomcat
[dbm-api] 17:19:44.477 [main] INFO  org.apache.catalina.core.StandardEngine - Starting Servlet Engine: Apache Tomcat/8.0.15
[dbm-api] 17:19:44.698 [localhost-startStop-1] INFO  org.apache.catalina.core.ContainerBase.[Tomcat].[localhost].[/] - Initializing Spring embedded WebApplicationContext
[dbm-api] 17:19:47.227 [main] INFO  org.apache.coyote.http11.Http11NioProtocol - Initializing ProtocolHandler ["http-nio-8001"]
[dbm-api] 17:19:47.247 [main] INFO  org.apache.coyote.http11.Http11NioProtocol - Starting ProtocolHandler ["http-nio-8001"]
[dbm-api] 17:19:47.258 [main] INFO  org.apache.tomcat.util.net.NioSelectorPool - Using a shared selector for servlet write/read
[dbm-api] 17:19:47.292 [main] INFO  com.withlee.dbm.Application - Started Application in 9.484 seconds (JVM running for 10.242)
[dbm-api] 17:20:01.003 [http-nio-8001-exec-1] INFO  org.apache.catalina.core.ContainerBase.[Tomcat].[localhost].[/] - Initializing Spring FrameworkServlet 'dispatcherServlet'
[dbm-api] 17:20:07.930 [http-nio-8001-exec-2] ERROR com.withlee.dbm.filter.UserTokenFilter - [doFilterInternal] - access denied [/favicon.ico]
[dbm-api] 17:20:37.230 [http-nio-8001-exec-5] ERROR com.withlee.dbm.filter.UserTokenFilter - [doFilterInternal] - access denied [/favicon.ico]
