[dbm-api] 14:07:45.084 [main] INFO  com.withlee.dbm.Application - Starting Application on LAPTOP-T7OVDIH0 with PID 2228 (D:\workspaces\dbm-api\target\classes started by think in D:\workspaces\dbm-api)
[dbm-api] 14:07:47.978 [main] INFO  org.hibernate.validator.internal.util.Version - HV000001: Hibernate Validator 5.1.3.Final
[dbm-api] 14:07:49.196 [main] INFO  com.zaxxer.hikari.HikariDataSource - HikariCP pool HikariPool-0 is starting.
[dbm-api] 14:07:50.617 [main] INFO  com.zaxxer.hikari.HikariDataSource - HikariCP pool HikariPool-0 is starting.
[dbm-api] 14:07:51.647 [main] INFO  com.zaxxer.hikari.HikariDataSource - HikariCP pool HikariPool-0 is starting.
[dbm-api] 14:07:52.686 [main] INFO  com.zaxxer.hikari.HikariDataSource - HikariCP pool HikariPool-0 is starting.
[dbm-api] 14:07:53.763 [main] INFO  com.zaxxer.hikari.HikariDataSource - HikariCP pool HikariPool-0 is starting.
[dbm-api] 14:07:54.799 [main] INFO  com.zaxxer.hikari.HikariDataSource - HikariCP pool HikariPool-0 is starting.
[dbm-api] 14:07:55.836 [main] INFO  com.zaxxer.hikari.HikariDataSource - HikariCP pool HikariPool-0 is starting.
[dbm-api] 14:07:56.869 [main] INFO  com.zaxxer.hikari.HikariDataSource - HikariCP pool HikariPool-0 is starting.
[dbm-api] 14:07:57.901 [main] INFO  com.zaxxer.hikari.HikariDataSource - HikariCP pool HikariPool-0 is starting.
[dbm-api] 14:07:58.939 [main] INFO  com.zaxxer.hikari.HikariDataSource - HikariCP pool HikariPool-0 is starting.
[dbm-api] 14:07:59.987 [main] INFO  com.zaxxer.hikari.HikariDataSource - HikariCP pool HikariPool-0 is starting.
[dbm-api] 14:08:01.022 [main] INFO  com.zaxxer.hikari.HikariDataSource - HikariCP pool HikariPool-0 is starting.
[dbm-api] 14:08:02.474 [main] INFO  com.zaxxer.hikari.HikariDataSource - HikariCP pool HikariPool-0 is starting.
[dbm-api] 14:08:03.507 [main] INFO  com.zaxxer.hikari.HikariDataSource - HikariCP pool HikariPool-0 is starting.
[dbm-api] 14:08:04.540 [main] INFO  com.zaxxer.hikari.HikariDataSource - HikariCP pool HikariPool-0 is starting.
[dbm-api] 14:08:05.571 [main] INFO  com.zaxxer.hikari.HikariDataSource - HikariCP pool HikariPool-0 is starting.
[dbm-api] 14:08:06.604 [main] INFO  com.zaxxer.hikari.HikariDataSource - HikariCP pool HikariPool-0 is starting.
[dbm-api] 14:08:07.634 [main] INFO  com.zaxxer.hikari.HikariDataSource - HikariCP pool HikariPool-0 is starting.
[dbm-api] 14:08:08.696 [main] INFO  com.zaxxer.hikari.HikariDataSource - HikariCP pool HikariPool-0 is starting.
[dbm-api] 14:08:09.725 [main] INFO  com.zaxxer.hikari.HikariDataSource - HikariCP pool HikariPool-0 is starting.
[dbm-api] 14:08:10.763 [main] INFO  com.zaxxer.hikari.HikariDataSource - HikariCP pool HikariPool-0 is starting.
[dbm-api] 14:08:11.796 [main] INFO  com.zaxxer.hikari.HikariDataSource - HikariCP pool HikariPool-0 is starting.
[dbm-api] 14:08:12.829 [main] INFO  com.zaxxer.hikari.HikariDataSource - HikariCP pool HikariPool-0 is starting.
[dbm-api] 14:08:13.861 [main] INFO  com.zaxxer.hikari.HikariDataSource - HikariCP pool HikariPool-0 is starting.
[dbm-api] 14:08:15.605 [main] INFO  org.apache.catalina.core.StandardService - Starting service Tomcat
[dbm-api] 14:08:15.606 [main] INFO  org.apache.catalina.core.StandardEngine - Starting Servlet Engine: Apache Tomcat/8.0.15
[dbm-api] 14:08:15.831 [localhost-startStop-1] INFO  org.apache.catalina.core.ContainerBase.[Tomcat].[localhost].[/] - Initializing Spring embedded WebApplicationContext
[dbm-api] 14:08:15.856 [localhost-startStop-1] INFO  com.zaxxer.hikari.HikariDataSource - HikariCP pool HikariPool-0 is starting.
[dbm-api] 14:08:16.892 [localhost-startStop-1] INFO  com.zaxxer.hikari.HikariDataSource - HikariCP pool HikariPool-0 is starting.
[dbm-api] 14:08:17.929 [localhost-startStop-1] INFO  com.zaxxer.hikari.HikariDataSource - HikariCP pool HikariPool-0 is starting.
[dbm-api] 14:08:18.962 [localhost-startStop-1] INFO  com.zaxxer.hikari.HikariDataSource - HikariCP pool HikariPool-0 is starting.
[dbm-api] 14:08:19.993 [localhost-startStop-1] INFO  com.zaxxer.hikari.HikariDataSource - HikariCP pool HikariPool-0 is starting.
[dbm-api] 14:08:21.023 [localhost-startStop-1] INFO  com.zaxxer.hikari.HikariDataSource - HikariCP pool HikariPool-0 is starting.
[dbm-api] 14:08:22.054 [localhost-startStop-1] INFO  com.zaxxer.hikari.HikariDataSource - HikariCP pool HikariPool-0 is starting.
[dbm-api] 14:08:23.088 [localhost-startStop-1] INFO  com.zaxxer.hikari.HikariDataSource - HikariCP pool HikariPool-0 is starting.
[dbm-api] 14:08:24.154 [localhost-startStop-1] INFO  com.zaxxer.hikari.HikariDataSource - HikariCP pool HikariPool-0 is starting.
[dbm-api] 14:08:25.189 [localhost-startStop-1] INFO  com.zaxxer.hikari.HikariDataSource - HikariCP pool HikariPool-0 is starting.
[dbm-api] 14:08:26.219 [localhost-startStop-1] INFO  com.zaxxer.hikari.HikariDataSource - HikariCP pool HikariPool-0 is starting.
[dbm-api] 14:08:27.246 [localhost-startStop-1] INFO  com.zaxxer.hikari.HikariDataSource - HikariCP pool HikariPool-0 is starting.
[dbm-api] 14:08:28.280 [localhost-startStop-1] INFO  com.zaxxer.hikari.HikariDataSource - HikariCP pool HikariPool-0 is starting.
[dbm-api] 14:08:29.312 [localhost-startStop-1] INFO  com.zaxxer.hikari.HikariDataSource - HikariCP pool HikariPool-0 is starting.
[dbm-api] 14:08:30.346 [localhost-startStop-1] INFO  com.zaxxer.hikari.HikariDataSource - HikariCP pool HikariPool-0 is starting.
[dbm-api] 14:08:31.387 [localhost-startStop-1] INFO  com.zaxxer.hikari.HikariDataSource - HikariCP pool HikariPool-0 is starting.
[dbm-api] 14:08:32.428 [localhost-startStop-1] INFO  com.zaxxer.hikari.HikariDataSource - HikariCP pool HikariPool-0 is starting.
[dbm-api] 14:08:33.480 [localhost-startStop-1] INFO  com.zaxxer.hikari.HikariDataSource - HikariCP pool HikariPool-0 is starting.
[dbm-api] 14:08:34.522 [localhost-startStop-1] INFO  com.zaxxer.hikari.HikariDataSource - HikariCP pool HikariPool-0 is starting.
[dbm-api] 14:08:35.593 [localhost-startStop-1] INFO  com.zaxxer.hikari.HikariDataSource - HikariCP pool HikariPool-0 is starting.
[dbm-api] 14:08:36.622 [localhost-startStop-1] INFO  com.zaxxer.hikari.HikariDataSource - HikariCP pool HikariPool-0 is starting.
[dbm-api] 14:08:37.653 [localhost-startStop-1] INFO  com.zaxxer.hikari.HikariDataSource - HikariCP pool HikariPool-0 is starting.
[dbm-api] 14:08:38.685 [localhost-startStop-1] INFO  com.zaxxer.hikari.HikariDataSource - HikariCP pool HikariPool-0 is starting.
[dbm-api] 14:08:39.714 [localhost-startStop-1] INFO  com.zaxxer.hikari.HikariDataSource - HikariCP pool HikariPool-0 is starting.
[dbm-api] 14:08:40.751 [localhost-startStop-1] INFO  com.zaxxer.hikari.HikariDataSource - HikariCP pool HikariPool-0 is starting.
[dbm-api] 14:08:41.778 [localhost-startStop-1] INFO  com.zaxxer.hikari.HikariDataSource - HikariCP pool HikariPool-0 is starting.
[dbm-api] 14:08:42.811 [localhost-startStop-1] INFO  com.zaxxer.hikari.HikariDataSource - HikariCP pool HikariPool-0 is starting.
[dbm-api] 14:08:43.839 [localhost-startStop-1] INFO  com.zaxxer.hikari.HikariDataSource - HikariCP pool HikariPool-0 is starting.
[dbm-api] 14:08:44.869 [localhost-startStop-1] INFO  com.zaxxer.hikari.HikariDataSource - HikariCP pool HikariPool-0 is starting.
[dbm-api] 14:08:45.898 [localhost-startStop-1] INFO  com.zaxxer.hikari.HikariDataSource - HikariCP pool HikariPool-0 is starting.
[dbm-api] 14:08:46.927 [localhost-startStop-1] INFO  com.zaxxer.hikari.HikariDataSource - HikariCP pool HikariPool-0 is starting.
[dbm-api] 14:08:47.956 [localhost-startStop-1] INFO  com.zaxxer.hikari.HikariDataSource - HikariCP pool HikariPool-0 is starting.
[dbm-api] 14:08:48.987 [localhost-startStop-1] INFO  com.zaxxer.hikari.HikariDataSource - HikariCP pool HikariPool-0 is starting.
[dbm-api] 14:08:50.051 [localhost-startStop-1] INFO  com.zaxxer.hikari.HikariDataSource - HikariCP pool HikariPool-0 is starting.
[dbm-api] 14:08:51.086 [localhost-startStop-1] INFO  com.zaxxer.hikari.HikariDataSource - HikariCP pool HikariPool-0 is starting.
[dbm-api] 14:08:52.120 [localhost-startStop-1] INFO  com.zaxxer.hikari.HikariDataSource - HikariCP pool HikariPool-0 is starting.
[dbm-api] 14:08:53.241 [localhost-startStop-1] INFO  com.zaxxer.hikari.HikariDataSource - HikariCP pool HikariPool-0 is starting.
[dbm-api] 14:08:54.269 [localhost-startStop-1] INFO  com.zaxxer.hikari.HikariDataSource - HikariCP pool HikariPool-0 is starting.
[dbm-api] 14:08:55.298 [localhost-startStop-1] INFO  com.zaxxer.hikari.HikariDataSource - HikariCP pool HikariPool-0 is starting.
[dbm-api] 14:08:56.330 [localhost-startStop-1] INFO  com.zaxxer.hikari.HikariDataSource - HikariCP pool HikariPool-0 is starting.
[dbm-api] 14:08:57.359 [localhost-startStop-1] INFO  com.zaxxer.hikari.HikariDataSource - HikariCP pool HikariPool-0 is starting.
[dbm-api] 14:08:58.387 [localhost-startStop-1] INFO  com.zaxxer.hikari.HikariDataSource - HikariCP pool HikariPool-0 is starting.
[dbm-api] 14:08:59.419 [localhost-startStop-1] INFO  com.zaxxer.hikari.HikariDataSource - HikariCP pool HikariPool-0 is starting.
[dbm-api] 14:09:00.449 [localhost-startStop-1] INFO  com.zaxxer.hikari.HikariDataSource - HikariCP pool HikariPool-0 is starting.
[dbm-api] 14:09:01.506 [localhost-startStop-1] INFO  com.zaxxer.hikari.HikariDataSource - HikariCP pool HikariPool-0 is starting.
[dbm-api] 14:09:02.538 [localhost-startStop-1] INFO  com.zaxxer.hikari.HikariDataSource - HikariCP pool HikariPool-0 is starting.
[dbm-api] 14:09:03.569 [localhost-startStop-1] INFO  com.zaxxer.hikari.HikariDataSource - HikariCP pool HikariPool-0 is starting.
[dbm-api] 14:09:04.600 [localhost-startStop-1] INFO  com.zaxxer.hikari.HikariDataSource - HikariCP pool HikariPool-0 is starting.
[dbm-api] 14:09:05.639 [localhost-startStop-1] INFO  com.zaxxer.hikari.HikariDataSource - HikariCP pool HikariPool-0 is starting.
[dbm-api] 14:09:06.669 [localhost-startStop-1] INFO  com.zaxxer.hikari.HikariDataSource - HikariCP pool HikariPool-0 is starting.
[dbm-api] 14:09:07.700 [localhost-startStop-1] INFO  com.zaxxer.hikari.HikariDataSource - HikariCP pool HikariPool-0 is starting.
[dbm-api] 14:09:08.744 [localhost-startStop-1] INFO  com.zaxxer.hikari.HikariDataSource - HikariCP pool HikariPool-0 is starting.
[dbm-api] 14:09:09.772 [localhost-startStop-1] INFO  com.zaxxer.hikari.HikariDataSource - HikariCP pool HikariPool-0 is starting.
[dbm-api] 14:09:10.803 [localhost-startStop-1] INFO  com.zaxxer.hikari.HikariDataSource - HikariCP pool HikariPool-0 is starting.
[dbm-api] 14:09:11.836 [localhost-startStop-1] INFO  com.zaxxer.hikari.HikariDataSource - HikariCP pool HikariPool-0 is starting.
[dbm-api] 14:09:12.875 [localhost-startStop-1] INFO  com.zaxxer.hikari.HikariDataSource - HikariCP pool HikariPool-0 is starting.
[dbm-api] 14:09:13.906 [localhost-startStop-1] INFO  com.zaxxer.hikari.HikariDataSource - HikariCP pool HikariPool-0 is starting.
[dbm-api] 14:09:14.977 [localhost-startStop-1] INFO  com.zaxxer.hikari.HikariDataSource - HikariCP pool HikariPool-0 is starting.
[dbm-api] 14:09:16.015 [localhost-startStop-1] INFO  com.zaxxer.hikari.HikariDataSource - HikariCP pool HikariPool-0 is starting.
[dbm-api] 14:09:17.046 [localhost-startStop-1] INFO  com.zaxxer.hikari.HikariDataSource - HikariCP pool HikariPool-0 is starting.
[dbm-api] 14:09:18.087 [localhost-startStop-1] INFO  com.zaxxer.hikari.HikariDataSource - HikariCP pool HikariPool-0 is starting.
[dbm-api] 14:09:19.117 [localhost-startStop-1] INFO  com.zaxxer.hikari.HikariDataSource - HikariCP pool HikariPool-0 is starting.
[dbm-api] 14:09:20.148 [localhost-startStop-1] INFO  com.zaxxer.hikari.HikariDataSource - HikariCP pool HikariPool-0 is starting.
[dbm-api] 14:09:21.179 [localhost-startStop-1] INFO  com.zaxxer.hikari.HikariDataSource - HikariCP pool HikariPool-0 is starting.
[dbm-api] 14:09:22.210 [localhost-startStop-1] INFO  com.zaxxer.hikari.HikariDataSource - HikariCP pool HikariPool-0 is starting.
[dbm-api] 14:09:23.237 [localhost-startStop-1] INFO  com.zaxxer.hikari.HikariDataSource - HikariCP pool HikariPool-0 is starting.
[dbm-api] 14:09:24.272 [localhost-startStop-1] INFO  com.zaxxer.hikari.HikariDataSource - HikariCP pool HikariPool-0 is starting.
[dbm-api] 14:09:25.300 [localhost-startStop-1] INFO  com.zaxxer.hikari.HikariDataSource - HikariCP pool HikariPool-0 is starting.
[dbm-api] 14:09:26.335 [localhost-startStop-1] INFO  com.zaxxer.hikari.HikariDataSource - HikariCP pool HikariPool-0 is starting.
[dbm-api] 14:09:27.412 [localhost-startStop-1] INFO  com.zaxxer.hikari.HikariDataSource - HikariCP pool HikariPool-0 is starting.
[dbm-api] 14:09:28.439 [localhost-startStop-1] INFO  com.zaxxer.hikari.HikariDataSource - HikariCP pool HikariPool-0 is starting.
[dbm-api] 14:09:29.467 [localhost-startStop-1] INFO  com.zaxxer.hikari.HikariDataSource - HikariCP pool HikariPool-0 is starting.
[dbm-api] 14:09:30.668 [localhost-startStop-1] INFO  com.zaxxer.hikari.HikariDataSource - HikariCP pool HikariPool-0 is starting.
[dbm-api] 14:09:31.719 [localhost-startStop-1] INFO  com.zaxxer.hikari.HikariDataSource - HikariCP pool HikariPool-0 is starting.
[dbm-api] 14:09:32.751 [localhost-startStop-1] INFO  com.zaxxer.hikari.HikariDataSource - HikariCP pool HikariPool-0 is starting.
[dbm-api] 14:09:33.797 [localhost-startStop-1] INFO  com.zaxxer.hikari.HikariDataSource - HikariCP pool HikariPool-0 is starting.
[dbm-api] 14:09:34.836 [localhost-startStop-1] INFO  com.zaxxer.hikari.HikariDataSource - HikariCP pool HikariPool-0 is starting.
[dbm-api] 14:09:35.894 [localhost-startStop-1] INFO  com.zaxxer.hikari.HikariDataSource - HikariCP pool HikariPool-0 is starting.
[dbm-api] 14:09:36.924 [localhost-startStop-1] INFO  com.zaxxer.hikari.HikariDataSource - HikariCP pool HikariPool-0 is starting.
[dbm-api] 14:09:37.955 [localhost-startStop-1] INFO  com.zaxxer.hikari.HikariDataSource - HikariCP pool HikariPool-0 is starting.
[dbm-api] 14:09:38.988 [localhost-startStop-1] INFO  com.zaxxer.hikari.HikariDataSource - HikariCP pool HikariPool-0 is starting.
[dbm-api] 14:09:40.019 [localhost-startStop-1] INFO  com.zaxxer.hikari.HikariDataSource - HikariCP pool HikariPool-0 is starting.
[dbm-api] 14:09:41.047 [localhost-startStop-1] INFO  com.zaxxer.hikari.HikariDataSource - HikariCP pool HikariPool-0 is starting.
[dbm-api] 14:09:42.083 [localhost-startStop-1] INFO  com.zaxxer.hikari.HikariDataSource - HikariCP pool HikariPool-0 is starting.
[dbm-api] 14:09:43.177 [localhost-startStop-1] INFO  com.zaxxer.hikari.HikariDataSource - HikariCP pool HikariPool-0 is starting.
[dbm-api] 14:09:44.210 [localhost-startStop-1] INFO  com.zaxxer.hikari.HikariDataSource - HikariCP pool HikariPool-0 is starting.
[dbm-api] 14:09:45.243 [localhost-startStop-1] INFO  com.zaxxer.hikari.HikariDataSource - HikariCP pool HikariPool-0 is starting.
[dbm-api] 14:09:46.290 [localhost-startStop-1] INFO  com.zaxxer.hikari.HikariDataSource - HikariCP pool HikariPool-0 is starting.
[dbm-api] 14:09:47.358 [localhost-startStop-1] INFO  com.zaxxer.hikari.HikariDataSource - HikariCP pool HikariPool-0 is starting.
[dbm-api] 14:09:48.387 [localhost-startStop-1] INFO  com.zaxxer.hikari.HikariDataSource - HikariCP pool HikariPool-0 is starting.
[dbm-api] 14:09:49.421 [localhost-startStop-1] INFO  com.zaxxer.hikari.HikariDataSource - HikariCP pool HikariPool-0 is starting.
[dbm-api] 14:09:50.454 [localhost-startStop-1] INFO  com.zaxxer.hikari.HikariDataSource - HikariCP pool HikariPool-0 is starting.
[dbm-api] 14:09:51.487 [localhost-startStop-1] INFO  com.zaxxer.hikari.HikariDataSource - HikariCP pool HikariPool-0 is starting.
[dbm-api] 14:09:52.517 [localhost-startStop-1] INFO  com.zaxxer.hikari.HikariDataSource - HikariCP pool HikariPool-0 is starting.
[dbm-api] 14:09:53.547 [localhost-startStop-1] INFO  com.zaxxer.hikari.HikariDataSource - HikariCP pool HikariPool-0 is starting.
[dbm-api] 14:09:54.576 [localhost-startStop-1] INFO  com.zaxxer.hikari.HikariDataSource - HikariCP pool HikariPool-0 is starting.
[dbm-api] 14:09:56.221 [localhost-startStop-1] INFO  com.zaxxer.hikari.HikariDataSource - HikariCP pool HikariPool-0 is starting.
[dbm-api] 14:12:16.755 [main] INFO  com.withlee.dbm.Application - Starting Application on LAPTOP-T7OVDIH0 with PID 12004 (D:\workspaces\dbm-api\target\classes started by think in D:\workspaces\dbm-api)
[dbm-api] 14:12:18.575 [main] INFO  org.hibernate.validator.internal.util.Version - HV000001: Hibernate Validator 5.1.3.Final
[dbm-api] 14:12:19.651 [main] INFO  com.zaxxer.hikari.HikariDataSource - HikariCP pool HikariPool-0 is starting.
[dbm-api] 14:12:22.186 [main] INFO  org.apache.catalina.core.StandardService - Starting service Tomcat
[dbm-api] 14:12:22.188 [main] INFO  org.apache.catalina.core.StandardEngine - Starting Servlet Engine: Apache Tomcat/8.0.15
[dbm-api] 14:12:22.374 [localhost-startStop-1] INFO  org.apache.catalina.core.ContainerBase.[Tomcat].[localhost].[/] - Initializing Spring embedded WebApplicationContext
[dbm-api] 14:12:25.768 [main] INFO  org.apache.coyote.http11.Http11NioProtocol - Initializing ProtocolHandler ["http-nio-8001"]
[dbm-api] 14:12:25.779 [main] INFO  org.apache.coyote.http11.Http11NioProtocol - Starting ProtocolHandler ["http-nio-8001"]
[dbm-api] 14:12:25.785 [main] INFO  org.apache.tomcat.util.net.NioSelectorPool - Using a shared selector for servlet write/read
[dbm-api] 14:12:25.856 [main] INFO  com.withlee.dbm.Application - Started Application in 9.361 seconds (JVM running for 10.028)
[dbm-api] 14:12:52.907 [http-nio-8001-exec-1] INFO  org.apache.catalina.core.ContainerBase.[Tomcat].[localhost].[/] - Initializing Spring FrameworkServlet 'dispatcherServlet'
[dbm-api] 14:12:52.965 [http-nio-8001-exec-1] ERROR com.withlee.dbm.filter.UserTokenFilter - [doFilterInternal] - access denied [/]
[dbm-api] 14:12:53.390 [http-nio-8001-exec-2] ERROR com.withlee.dbm.filter.UserTokenFilter - [doFilterInternal] - access denied [/favicon.ico]
[dbm-api] 14:13:31.820 [http-nio-8001-exec-4] ERROR com.withlee.dbm.controller.shop.ShopController - [getHomePic] - fail to getHomePic 
### Error querying database.  Cause: com.mysql.jdbc.exceptions.jdbc4.MySQLSyntaxErrorException: Table 'yonyou_mgr_db.pic_properties' doesn't exist
### The error may exist in file [D:\workspaces\dbm-api\target\classes\com\withlee\mapper\shop\ShopMapper.xml]
### The error may involve defaultParameterMap
### The error occurred while setting parameters
### SQL: SELECT value FROM pic_properties;
### Cause: com.mysql.jdbc.exceptions.jdbc4.MySQLSyntaxErrorException: Table 'yonyou_mgr_db.pic_properties' doesn't exist
; bad SQL grammar []; nested exception is com.mysql.jdbc.exceptions.jdbc4.MySQLSyntaxErrorException: Table 'yonyou_mgr_db.pic_properties' doesn't exist
[dbm-api] 14:13:32.011 [http-nio-8001-exec-5] ERROR com.withlee.dbm.filter.UserTokenFilter - [doFilterInternal] - access denied [/favicon.ico]
[dbm-api] 14:13:35.099 [http-nio-8001-exec-6] ERROR com.withlee.dbm.controller.shop.ShopController - [getHomePic] - fail to getHomePic 
### Error querying database.  Cause: com.mysql.jdbc.exceptions.jdbc4.MySQLSyntaxErrorException: Table 'yonyou_mgr_db.pic_properties' doesn't exist
### The error may exist in file [D:\workspaces\dbm-api\target\classes\com\withlee\mapper\shop\ShopMapper.xml]
### The error may involve defaultParameterMap
### The error occurred while setting parameters
### SQL: SELECT value FROM pic_properties;
### Cause: com.mysql.jdbc.exceptions.jdbc4.MySQLSyntaxErrorException: Table 'yonyou_mgr_db.pic_properties' doesn't exist
; bad SQL grammar []; nested exception is com.mysql.jdbc.exceptions.jdbc4.MySQLSyntaxErrorException: Table 'yonyou_mgr_db.pic_properties' doesn't exist
[dbm-api] 14:13:35.117 [http-nio-8001-exec-7] ERROR com.withlee.dbm.filter.UserTokenFilter - [doFilterInternal] - access denied [/favicon.ico]
[dbm-api] 14:19:57.053 [main] INFO  com.withlee.dbm.Application - Starting Application on LAPTOP-T7OVDIH0 with PID 16820 (D:\workspaces\dbm-api\target\classes started by think in D:\workspaces\dbm-api)
[dbm-api] 14:19:58.811 [main] INFO  org.hibernate.validator.internal.util.Version - HV000001: Hibernate Validator 5.1.3.Final
[dbm-api] 14:19:59.778 [main] INFO  com.zaxxer.hikari.HikariDataSource - HikariCP pool HikariPool-0 is starting.
[dbm-api] 14:20:01.787 [main] INFO  org.apache.catalina.core.StandardService - Starting service Tomcat
[dbm-api] 14:20:01.788 [main] INFO  org.apache.catalina.core.StandardEngine - Starting Servlet Engine: Apache Tomcat/8.0.15
[dbm-api] 14:20:01.928 [localhost-startStop-1] INFO  org.apache.catalina.core.ContainerBase.[Tomcat].[localhost].[/] - Initializing Spring embedded WebApplicationContext
[dbm-api] 14:20:04.227 [main] INFO  org.apache.coyote.http11.Http11NioProtocol - Initializing ProtocolHandler ["http-nio-8001"]
[dbm-api] 14:20:04.238 [main] INFO  org.apache.coyote.http11.Http11NioProtocol - Starting ProtocolHandler ["http-nio-8001"]
[dbm-api] 14:20:04.244 [main] INFO  org.apache.tomcat.util.net.NioSelectorPool - Using a shared selector for servlet write/read
[dbm-api] 14:20:04.262 [main] INFO  com.withlee.dbm.Application - Started Application in 7.45 seconds (JVM running for 8.126)
[dbm-api] 14:20:38.773 [http-nio-8001-exec-1] INFO  org.apache.catalina.core.ContainerBase.[Tomcat].[localhost].[/] - Initializing Spring FrameworkServlet 'dispatcherServlet'
[dbm-api] 14:20:39.021 [http-nio-8001-exec-2] ERROR com.withlee.dbm.filter.UserTokenFilter - [doFilterInternal] - access denied [/favicon.ico]
[dbm-api] 15:15:27.643 [main] INFO  com.withlee.dbm.Application - Starting Application on LAPTOP-T7OVDIH0 with PID 4516 (D:\workspaces\dbm-api\target\classes started by think in D:\workspaces\dbm-api)
[dbm-api] 15:15:29.530 [main] INFO  org.hibernate.validator.internal.util.Version - HV000001: Hibernate Validator 5.1.3.Final
[dbm-api] 15:15:30.900 [main] INFO  com.zaxxer.hikari.HikariDataSource - HikariCP pool HikariPool-0 is starting.
[dbm-api] 15:15:32.756 [main] INFO  org.apache.catalina.core.StandardService - Starting service Tomcat
[dbm-api] 15:15:32.758 [main] INFO  org.apache.catalina.core.StandardEngine - Starting Servlet Engine: Apache Tomcat/8.0.15
[dbm-api] 15:15:32.934 [localhost-startStop-1] INFO  org.apache.catalina.core.ContainerBase.[Tomcat].[localhost].[/] - Initializing Spring embedded WebApplicationContext
[dbm-api] 15:15:35.395 [main] INFO  org.apache.coyote.http11.Http11NioProtocol - Initializing ProtocolHandler ["http-nio-8001"]
[dbm-api] 15:15:35.421 [main] INFO  org.apache.coyote.http11.Http11NioProtocol - Starting ProtocolHandler ["http-nio-8001"]
[dbm-api] 15:15:35.427 [main] INFO  org.apache.tomcat.util.net.NioSelectorPool - Using a shared selector for servlet write/read
[dbm-api] 15:15:35.463 [main] INFO  com.withlee.dbm.Application - Started Application in 8.085 seconds (JVM running for 8.775)
[dbm-api] 15:16:22.988 [http-nio-8001-exec-1] INFO  org.apache.catalina.core.ContainerBase.[Tomcat].[localhost].[/] - Initializing Spring FrameworkServlet 'dispatcherServlet'
[dbm-api] 15:16:23.052 [http-nio-8001-exec-1] ERROR com.withlee.dbm.filter.UserTokenFilter - [doFilterInternal] - access denied [/historytoday/getHistory]
[dbm-api] 15:16:23.541 [http-nio-8001-exec-2] ERROR com.withlee.dbm.filter.UserTokenFilter - [doFilterInternal] - access denied [/favicon.ico]
[dbm-api] 15:17:03.613 [main] INFO  com.withlee.dbm.Application - Starting Application on LAPTOP-T7OVDIH0 with PID 10960 (D:\workspaces\dbm-api\target\classes started by think in D:\workspaces\dbm-api)
[dbm-api] 15:17:05.842 [main] INFO  org.hibernate.validator.internal.util.Version - HV000001: Hibernate Validator 5.1.3.Final
[dbm-api] 15:17:07.076 [main] INFO  com.zaxxer.hikari.HikariDataSource - HikariCP pool HikariPool-0 is starting.
[dbm-api] 15:17:09.329 [main] INFO  org.apache.catalina.core.StandardService - Starting service Tomcat
[dbm-api] 15:17:09.338 [main] INFO  org.apache.catalina.core.StandardEngine - Starting Servlet Engine: Apache Tomcat/8.0.15
[dbm-api] 15:17:09.607 [localhost-startStop-1] INFO  org.apache.catalina.core.ContainerBase.[Tomcat].[localhost].[/] - Initializing Spring embedded WebApplicationContext
[dbm-api] 15:17:12.749 [main] INFO  org.apache.coyote.http11.Http11NioProtocol - Initializing ProtocolHandler ["http-nio-8001"]
[dbm-api] 15:17:12.772 [main] INFO  org.apache.coyote.http11.Http11NioProtocol - Starting ProtocolHandler ["http-nio-8001"]
[dbm-api] 15:17:12.777 [main] INFO  org.apache.tomcat.util.net.NioSelectorPool - Using a shared selector for servlet write/read
[dbm-api] 15:17:12.824 [main] INFO  com.withlee.dbm.Application - Started Application in 9.566 seconds (JVM running for 10.581)
[dbm-api] 15:17:24.217 [http-nio-8001-exec-1] INFO  org.apache.catalina.core.ContainerBase.[Tomcat].[localhost].[/] - Initializing Spring FrameworkServlet 'dispatcherServlet'
[dbm-api] 15:17:24.264 [http-nio-8001-exec-1] ERROR com.withlee.dbm.filter.UserTokenFilter - [doFilterInternal] - access denied [/historytoday/getHistory]
[dbm-api] 15:17:24.385 [http-nio-8001-exec-2] ERROR com.withlee.dbm.filter.UserTokenFilter - [doFilterInternal] - access denied [/favicon.ico]
[dbm-api] 15:17:27.684 [http-nio-8001-exec-3] ERROR com.withlee.dbm.filter.UserTokenFilter - [doFilterInternal] - access denied [/historytoday/getHistory]
[dbm-api] 15:17:27.708 [http-nio-8001-exec-4] ERROR com.withlee.dbm.filter.UserTokenFilter - [doFilterInternal] - access denied [/favicon.ico]
[dbm-api] 15:17:54.079 [http-nio-8001-exec-7] ERROR com.withlee.dbm.filter.UserTokenFilter - [doFilterInternal] - access denied [/historytoday/getHistory]
[dbm-api] 15:17:54.261 [http-nio-8001-exec-8] ERROR com.withlee.dbm.filter.UserTokenFilter - [doFilterInternal] - access denied [/favicon.ico]
[dbm-api] 15:18:20.202 [main] INFO  com.withlee.dbm.Application - Starting Application on LAPTOP-T7OVDIH0 with PID 9748 (D:\workspaces\dbm-api\target\classes started by think in D:\workspaces\dbm-api)
[dbm-api] 15:18:22.167 [main] INFO  org.hibernate.validator.internal.util.Version - HV000001: Hibernate Validator 5.1.3.Final
[dbm-api] 15:18:23.226 [main] INFO  com.zaxxer.hikari.HikariDataSource - HikariCP pool HikariPool-0 is starting.
[dbm-api] 15:18:25.364 [main] INFO  org.apache.catalina.core.StandardService - Starting service Tomcat
[dbm-api] 15:18:25.366 [main] INFO  org.apache.catalina.core.StandardEngine - Starting Servlet Engine: Apache Tomcat/8.0.15
[dbm-api] 15:18:25.564 [localhost-startStop-1] INFO  org.apache.catalina.core.ContainerBase.[Tomcat].[localhost].[/] - Initializing Spring embedded WebApplicationContext
[dbm-api] 15:18:28.530 [main] INFO  org.apache.coyote.http11.Http11NioProtocol - Initializing ProtocolHandler ["http-nio-8001"]
[dbm-api] 15:18:28.542 [main] INFO  org.apache.coyote.http11.Http11NioProtocol - Starting ProtocolHandler ["http-nio-8001"]
[dbm-api] 15:18:28.551 [main] INFO  org.apache.tomcat.util.net.NioSelectorPool - Using a shared selector for servlet write/read
[dbm-api] 15:18:28.621 [main] INFO  com.withlee.dbm.Application - Started Application in 8.746 seconds (JVM running for 9.737)
[dbm-api] 15:18:35.862 [http-nio-8001-exec-1] INFO  org.apache.catalina.core.ContainerBase.[Tomcat].[localhost].[/] - Initializing Spring FrameworkServlet 'dispatcherServlet'
[dbm-api] 15:18:35.934 [http-nio-8001-exec-1] ERROR com.withlee.dbm.filter.UserTokenFilter - [doFilterInternal] - access denied [/historytoday/getHistory]
[dbm-api] 15:18:36.088 [http-nio-8001-exec-2] ERROR com.withlee.dbm.filter.UserTokenFilter - [doFilterInternal] - access denied [/favicon.ico]
[dbm-api] 15:19:08.520 [http-nio-8001-exec-6] ERROR com.withlee.dbm.filter.UserTokenFilter - [doFilterInternal] - access denied [/favicon.ico]
[dbm-api] 15:19:24.599 [http-nio-8001-exec-9] ERROR com.withlee.dbm.filter.UserTokenFilter - [doFilterInternal] - access denied [/historytoday/getHistory/88]
[dbm-api] 15:19:24.623 [http-nio-8001-exec-10] ERROR com.withlee.dbm.filter.UserTokenFilter - [doFilterInternal] - access denied [/favicon.ico]
[dbm-api] 15:19:27.702 [http-nio-8001-exec-1] ERROR com.withlee.dbm.filter.UserTokenFilter - [doFilterInternal] - access denied [/historytoday/getHistory/88]
[dbm-api] 15:19:27.725 [http-nio-8001-exec-2] ERROR com.withlee.dbm.filter.UserTokenFilter - [doFilterInternal] - access denied [/favicon.ico]
[dbm-api] 15:20:00.963 [http-nio-8001-exec-5] ERROR com.withlee.dbm.filter.UserTokenFilter - [doFilterInternal] - access denied [/historytoday/login/88]
[dbm-api] 15:20:00.992 [http-nio-8001-exec-6] ERROR com.withlee.dbm.filter.UserTokenFilter - [doFilterInternal] - access denied [/favicon.ico]
[dbm-api] 15:20:03.459 [http-nio-8001-exec-7] ERROR com.withlee.dbm.filter.UserTokenFilter - [doFilterInternal] - access denied [/historytoday/login/88]
[dbm-api] 15:20:03.477 [http-nio-8001-exec-8] ERROR com.withlee.dbm.filter.UserTokenFilter - [doFilterInternal] - access denied [/favicon.ico]
[dbm-api] 15:21:32.395 [main] INFO  com.withlee.dbm.Application - Starting Application on LAPTOP-T7OVDIH0 with PID 17596 (D:\workspaces\dbm-api\target\classes started by think in D:\workspaces\dbm-api)
[dbm-api] 15:21:34.438 [main] INFO  org.hibernate.validator.internal.util.Version - HV000001: Hibernate Validator 5.1.3.Final
[dbm-api] 15:21:35.446 [main] INFO  com.zaxxer.hikari.HikariDataSource - HikariCP pool HikariPool-0 is starting.
[dbm-api] 15:21:37.591 [main] INFO  org.apache.catalina.core.StandardService - Starting service Tomcat
[dbm-api] 15:21:37.595 [main] INFO  org.apache.catalina.core.StandardEngine - Starting Servlet Engine: Apache Tomcat/8.0.15
[dbm-api] 15:21:37.814 [localhost-startStop-1] INFO  org.apache.catalina.core.ContainerBase.[Tomcat].[localhost].[/] - Initializing Spring embedded WebApplicationContext
[dbm-api] 15:21:40.440 [main] INFO  org.apache.coyote.http11.Http11NioProtocol - Initializing ProtocolHandler ["http-nio-8001"]
[dbm-api] 15:21:40.456 [main] INFO  org.apache.coyote.http11.Http11NioProtocol - Starting ProtocolHandler ["http-nio-8001"]
[dbm-api] 15:21:40.462 [main] INFO  org.apache.tomcat.util.net.NioSelectorPool - Using a shared selector for servlet write/read
[dbm-api] 15:21:40.497 [main] INFO  com.withlee.dbm.Application - Started Application in 8.518 seconds (JVM running for 9.412)
[dbm-api] 15:22:00.410 [http-nio-8001-exec-1] INFO  org.apache.catalina.core.ContainerBase.[Tomcat].[localhost].[/] - Initializing Spring FrameworkServlet 'dispatcherServlet'
[dbm-api] 15:22:00.462 [http-nio-8001-exec-1] ERROR com.withlee.dbm.filter.UserTokenFilter - [doFilterInternal] - access denied [/historytoday/login/88]
[dbm-api] 15:22:00.603 [http-nio-8001-exec-2] ERROR com.withlee.dbm.filter.UserTokenFilter - [doFilterInternal] - access denied [/favicon.ico]
[dbm-api] 15:22:02.054 [http-nio-8001-exec-3] ERROR com.withlee.dbm.filter.UserTokenFilter - [doFilterInternal] - access denied [/historytoday/login/88]
[dbm-api] 15:22:02.076 [http-nio-8001-exec-4] ERROR com.withlee.dbm.filter.UserTokenFilter - [doFilterInternal] - access denied [/favicon.ico]
[dbm-api] 15:22:05.448 [http-nio-8001-exec-5] ERROR com.withlee.dbm.filter.UserTokenFilter - [doFilterInternal] - access denied [/historytoday/]
[dbm-api] 15:22:05.475 [http-nio-8001-exec-6] ERROR com.withlee.dbm.filter.UserTokenFilter - [doFilterInternal] - access denied [/favicon.ico]
[dbm-api] 15:22:09.894 [http-nio-8001-exec-7] ERROR com.withlee.dbm.filter.UserTokenFilter - [doFilterInternal] - access denied [/]
[dbm-api] 15:22:09.916 [http-nio-8001-exec-8] ERROR com.withlee.dbm.filter.UserTokenFilter - [doFilterInternal] - access denied [/favicon.ico]
[dbm-api] 15:22:11.641 [http-nio-8001-exec-1] ERROR com.withlee.dbm.filter.UserTokenFilter - [doFilterInternal] - access denied [/]
[dbm-api] 15:22:11.670 [http-nio-8001-exec-2] ERROR com.withlee.dbm.filter.UserTokenFilter - [doFilterInternal] - access denied [/favicon.ico]
[dbm-api] 15:22:27.276 [http-nio-8001-exec-5] ERROR com.withlee.dbm.controller.shop.ShopController - [getHomePic] - fail to getHomePic 
### Error querying database.  Cause: com.mysql.jdbc.exceptions.jdbc4.MySQLSyntaxErrorException: Table 'yonyou_mgr_db.pic_properties' doesn't exist
### The error may exist in file [D:\workspaces\dbm-api\target\classes\com\withlee\mapper\shop\ShopMapper.xml]
### The error may involve defaultParameterMap
### The error occurred while setting parameters
### SQL: SELECT value FROM pic_properties;
### Cause: com.mysql.jdbc.exceptions.jdbc4.MySQLSyntaxErrorException: Table 'yonyou_mgr_db.pic_properties' doesn't exist
; bad SQL grammar []; nested exception is com.mysql.jdbc.exceptions.jdbc4.MySQLSyntaxErrorException: Table 'yonyou_mgr_db.pic_properties' doesn't exist
[dbm-api] 15:22:27.445 [http-nio-8001-exec-6] ERROR com.withlee.dbm.filter.UserTokenFilter - [doFilterInternal] - access denied [/favicon.ico]
[dbm-api] 15:22:34.199 [http-nio-8001-exec-8] ERROR com.withlee.dbm.filter.UserTokenFilter - [doFilterInternal] - access denied [/favicon.ico]
[dbm-api] 15:23:09.328 [http-nio-8001-exec-2] ERROR com.withlee.dbm.filter.UserTokenFilter - [doFilterInternal] - access denied [/favicon.ico]
[dbm-api] 15:23:54.095 [main] INFO  com.withlee.dbm.Application - Starting Application on LAPTOP-T7OVDIH0 with PID 12716 (D:\workspaces\dbm-api\target\classes started by think in D:\workspaces\dbm-api)
[dbm-api] 15:23:56.692 [main] INFO  org.hibernate.validator.internal.util.Version - HV000001: Hibernate Validator 5.1.3.Final
[dbm-api] 15:23:58.164 [main] INFO  com.zaxxer.hikari.HikariDataSource - HikariCP pool HikariPool-0 is starting.
[dbm-api] 15:24:02.482 [main] INFO  org.apache.catalina.core.StandardService - Starting service Tomcat
[dbm-api] 15:24:02.483 [main] INFO  org.apache.catalina.core.StandardEngine - Starting Servlet Engine: Apache Tomcat/8.0.15
[dbm-api] 15:24:02.758 [localhost-startStop-1] INFO  org.apache.catalina.core.ContainerBase.[Tomcat].[localhost].[/] - Initializing Spring embedded WebApplicationContext
[dbm-api] 15:24:05.995 [main] INFO  org.apache.coyote.http11.Http11NioProtocol - Initializing ProtocolHandler ["http-nio-8001"]
[dbm-api] 15:24:06.009 [main] INFO  org.apache.coyote.http11.Http11NioProtocol - Starting ProtocolHandler ["http-nio-8001"]
[dbm-api] 15:24:06.018 [main] INFO  org.apache.tomcat.util.net.NioSelectorPool - Using a shared selector for servlet write/read
[dbm-api] 15:24:06.073 [main] INFO  com.withlee.dbm.Application - Started Application in 12.423 seconds (JVM running for 13.437)
[dbm-api] 15:24:33.897 [main] INFO  com.withlee.dbm.Application - Starting Application on LAPTOP-T7OVDIH0 with PID 12968 (D:\workspaces\dbm-api\target\classes started by think in D:\workspaces\dbm-api)
[dbm-api] 15:24:35.641 [main] INFO  org.hibernate.validator.internal.util.Version - HV000001: Hibernate Validator 5.1.3.Final
[dbm-api] 15:24:36.650 [main] INFO  com.zaxxer.hikari.HikariDataSource - HikariCP pool HikariPool-0 is starting.
[dbm-api] 15:24:38.723 [main] INFO  org.apache.catalina.core.StandardService - Starting service Tomcat
[dbm-api] 15:24:38.728 [main] INFO  org.apache.catalina.core.StandardEngine - Starting Servlet Engine: Apache Tomcat/8.0.15
[dbm-api] 15:24:38.931 [localhost-startStop-1] INFO  org.apache.catalina.core.ContainerBase.[Tomcat].[localhost].[/] - Initializing Spring embedded WebApplicationContext
[dbm-api] 15:24:42.067 [main] INFO  org.apache.coyote.http11.Http11NioProtocol - Initializing ProtocolHandler ["http-nio-8001"]
[dbm-api] 15:24:42.082 [main] INFO  org.apache.coyote.http11.Http11NioProtocol - Starting ProtocolHandler ["http-nio-8001"]
[dbm-api] 15:24:42.087 [main] INFO  org.apache.tomcat.util.net.NioSelectorPool - Using a shared selector for servlet write/read
[dbm-api] 15:24:42.113 [main] INFO  com.withlee.dbm.Application - Started Application in 8.481 seconds (JVM running for 9.17)
[dbm-api] 15:26:51.836 [http-nio-8001-exec-1] INFO  org.apache.catalina.core.ContainerBase.[Tomcat].[localhost].[/] - Initializing Spring FrameworkServlet 'dispatcherServlet'
[dbm-api] 15:26:51.903 [http-nio-8001-exec-1] ERROR com.withlee.dbm.filter.UserTokenFilter - [doFilterInternal] - access denied [/historytoday/getHistory]
[dbm-api] 15:26:52.259 [http-nio-8001-exec-2] ERROR com.withlee.dbm.filter.UserTokenFilter - [doFilterInternal] - access denied [/favicon.ico]
[dbm-api] 15:26:56.918 [http-nio-8001-exec-3] ERROR com.withlee.dbm.filter.UserTokenFilter - [doFilterInternal] - access denied [/historytoday/getHistory/11]
[dbm-api] 15:26:56.946 [http-nio-8001-exec-4] ERROR com.withlee.dbm.filter.UserTokenFilter - [doFilterInternal] - access denied [/favicon.ico]
[dbm-api] 15:26:59.435 [http-nio-8001-exec-5] ERROR com.withlee.dbm.filter.UserTokenFilter - [doFilterInternal] - access denied [/historytoday/getHistory/11]
[dbm-api] 15:26:59.462 [http-nio-8001-exec-6] ERROR com.withlee.dbm.filter.UserTokenFilter - [doFilterInternal] - access denied [/favicon.ico]
[dbm-api] 15:30:10.285 [main] INFO  com.withlee.dbm.Application - Starting Application on LAPTOP-T7OVDIH0 with PID 13180 (D:\workspaces\dbm-api\target\classes started by think in D:\workspaces\dbm-api)
[dbm-api] 15:30:12.258 [main] INFO  org.hibernate.validator.internal.util.Version - HV000001: Hibernate Validator 5.1.3.Final
[dbm-api] 15:30:13.558 [main] INFO  com.zaxxer.hikari.HikariDataSource - HikariCP pool HikariPool-0 is starting.
[dbm-api] 15:30:16.175 [main] INFO  org.apache.catalina.core.StandardService - Starting service Tomcat
[dbm-api] 15:30:16.178 [main] INFO  org.apache.catalina.core.StandardEngine - Starting Servlet Engine: Apache Tomcat/8.0.15
[dbm-api] 15:30:16.399 [localhost-startStop-1] INFO  org.apache.catalina.core.ContainerBase.[Tomcat].[localhost].[/] - Initializing Spring embedded WebApplicationContext
[dbm-api] 15:30:19.556 [main] INFO  org.apache.coyote.http11.Http11NioProtocol - Initializing ProtocolHandler ["http-nio-8001"]
[dbm-api] 15:30:19.580 [main] INFO  org.apache.coyote.http11.Http11NioProtocol - Starting ProtocolHandler ["http-nio-8001"]
[dbm-api] 15:30:19.596 [main] INFO  org.apache.tomcat.util.net.NioSelectorPool - Using a shared selector for servlet write/read
[dbm-api] 15:30:19.680 [main] INFO  com.withlee.dbm.Application - Started Application in 9.684 seconds (JVM running for 10.464)
[dbm-api] 15:30:40.992 [http-nio-8001-exec-1] INFO  org.apache.catalina.core.ContainerBase.[Tomcat].[localhost].[/] - Initializing Spring FrameworkServlet 'dispatcherServlet'
[dbm-api] 15:30:41.032 [http-nio-8001-exec-1] ERROR com.withlee.dbm.filter.UserTokenFilter - [doFilterInternal] - access denied [/historytoday/getHistory/11]
[dbm-api] 15:30:41.152 [http-nio-8001-exec-2] ERROR com.withlee.dbm.filter.UserTokenFilter - [doFilterInternal] - access denied [/favicon.ico]
[dbm-api] 15:30:47.547 [http-nio-8001-exec-3] ERROR com.withlee.dbm.filter.UserTokenFilter - [doFilterInternal] - access denied [/historytoday/getHistory/11]
[dbm-api] 15:30:47.740 [http-nio-8001-exec-4] ERROR com.withlee.dbm.filter.UserTokenFilter - [doFilterInternal] - access denied [/favicon.ico]
[dbm-api] 15:31:49.805 [http-nio-8001-exec-7] ERROR com.withlee.dbm.controller.order.InvoiceController - [getInvoiceList] - fail to getInvoiceList 
### Error querying database.  Cause: com.mysql.jdbc.exceptions.jdbc4.MySQLSyntaxErrorException: Table 'yonyou_mgr_db.tbl_invoice_info' doesn't exist
### The error may exist in file [D:\workspaces\dbm-api\target\classes\com\withlee\mapper\order\InvoiceMapper.xml]
### The error may involve com.withlee.dbm.persistence.mapper.order.InvoiceMapper.getInvoiceList-Inline
### The error occurred while setting parameters
### SQL: SELECT * FROM tbl_invoice_info where user_id=?;
### Cause: com.mysql.jdbc.exceptions.jdbc4.MySQLSyntaxErrorException: Table 'yonyou_mgr_db.tbl_invoice_info' doesn't exist
; bad SQL grammar []; nested exception is com.mysql.jdbc.exceptions.jdbc4.MySQLSyntaxErrorException: Table 'yonyou_mgr_db.tbl_invoice_info' doesn't exist
[dbm-api] 15:31:49.977 [http-nio-8001-exec-8] ERROR com.withlee.dbm.filter.UserTokenFilter - [doFilterInternal] - access denied [/favicon.ico]
[dbm-api] 15:34:39.285 [http-nio-8001-exec-10] ERROR com.withlee.dbm.filter.UserTokenFilter - [doFilterInternal] - access denied [/favicon.ico]
[dbm-api] 15:34:42.642 [http-nio-8001-exec-1] ERROR com.withlee.dbm.filter.UserTokenFilter - [doFilterInternal] - access denied [/historytoday]
[dbm-api] 15:34:42.666 [http-nio-8001-exec-2] ERROR com.withlee.dbm.filter.UserTokenFilter - [doFilterInternal] - access denied [/favicon.ico]
[dbm-api] 15:36:36.560 [main] INFO  com.withlee.dbm.Application - Starting Application on LAPTOP-T7OVDIH0 with PID 2672 (D:\workspaces\dbm-api\target\classes started by think in D:\workspaces\dbm-api)
[dbm-api] 15:36:38.345 [main] INFO  org.hibernate.validator.internal.util.Version - HV000001: Hibernate Validator 5.1.3.Final
[dbm-api] 15:36:39.325 [main] INFO  com.zaxxer.hikari.HikariDataSource - HikariCP pool HikariPool-0 is starting.
[dbm-api] 15:36:41.231 [main] INFO  org.apache.catalina.core.StandardService - Starting service Tomcat
[dbm-api] 15:36:41.233 [main] INFO  org.apache.catalina.core.StandardEngine - Starting Servlet Engine: Apache Tomcat/8.0.15
[dbm-api] 15:36:41.419 [localhost-startStop-1] INFO  org.apache.catalina.core.ContainerBase.[Tomcat].[localhost].[/] - Initializing Spring embedded WebApplicationContext
[dbm-api] 15:36:43.684 [main] INFO  org.apache.coyote.http11.Http11NioProtocol - Initializing ProtocolHandler ["http-nio-8001"]
[dbm-api] 15:36:43.707 [main] INFO  org.apache.coyote.http11.Http11NioProtocol - Starting ProtocolHandler ["http-nio-8001"]
[dbm-api] 15:36:43.712 [main] INFO  org.apache.tomcat.util.net.NioSelectorPool - Using a shared selector for servlet write/read
[dbm-api] 15:36:43.733 [main] INFO  com.withlee.dbm.Application - Started Application in 7.433 seconds (JVM running for 8.146)
[dbm-api] 15:37:18.416 [http-nio-8001-exec-1] INFO  org.apache.catalina.core.ContainerBase.[Tomcat].[localhost].[/] - Initializing Spring FrameworkServlet 'dispatcherServlet'
[dbm-api] 15:37:18.562 [http-nio-8001-exec-1] ERROR com.withlee.dbm.controller.showapi.HistorytodayController - [getInvoiceList] - fail to getInvoiceList nested exception is org.apache.ibatis.exceptions.TooManyResultsException: Expected one result (or null) to be returned by selectOne(), but found: 2
[dbm-api] 15:37:18.673 [http-nio-8001-exec-2] ERROR com.withlee.dbm.filter.UserTokenFilter - [doFilterInternal] - access denied [/favicon.ico]
[dbm-api] 15:37:54.576 [main] INFO  com.withlee.dbm.Application - Starting Application on LAPTOP-T7OVDIH0 with PID 15932 (D:\workspaces\dbm-api\target\classes started by think in D:\workspaces\dbm-api)
[dbm-api] 15:37:56.642 [main] INFO  org.hibernate.validator.internal.util.Version - HV000001: Hibernate Validator 5.1.3.Final
[dbm-api] 15:37:57.803 [main] INFO  com.zaxxer.hikari.HikariDataSource - HikariCP pool HikariPool-0 is starting.
[dbm-api] 15:38:00.881 [main] INFO  org.apache.catalina.core.StandardService - Starting service Tomcat
[dbm-api] 15:38:00.886 [main] INFO  org.apache.catalina.core.StandardEngine - Starting Servlet Engine: Apache Tomcat/8.0.15
[dbm-api] 15:38:01.163 [localhost-startStop-1] INFO  org.apache.catalina.core.ContainerBase.[Tomcat].[localhost].[/] - Initializing Spring embedded WebApplicationContext
[dbm-api] 15:38:04.387 [main] INFO  org.apache.coyote.http11.Http11NioProtocol - Initializing ProtocolHandler ["http-nio-8001"]
[dbm-api] 15:38:04.405 [main] INFO  org.apache.coyote.http11.Http11NioProtocol - Starting ProtocolHandler ["http-nio-8001"]
[dbm-api] 15:38:04.415 [main] INFO  org.apache.tomcat.util.net.NioSelectorPool - Using a shared selector for servlet write/read
[dbm-api] 15:38:04.456 [main] INFO  com.withlee.dbm.Application - Started Application in 10.226 seconds (JVM running for 11.093)
[dbm-api] 15:38:05.921 [http-nio-8001-exec-1] INFO  org.apache.catalina.core.ContainerBase.[Tomcat].[localhost].[/] - Initializing Spring FrameworkServlet 'dispatcherServlet'
[dbm-api] 15:38:27.905 [http-nio-8001-exec-1] ERROR com.withlee.dbm.controller.showapi.HistorytodayController - [getInvoiceList] - fail to getInvoiceList nested exception is org.apache.ibatis.exceptions.TooManyResultsException: Expected one result (or null) to be returned by selectOne(), but found: 2
[dbm-api] 15:38:28.070 [http-nio-8001-exec-4] ERROR com.withlee.dbm.filter.UserTokenFilter - [doFilterInternal] - access denied [/favicon.ico]
[dbm-api] 21:09:39.003 [main] INFO  com.withlee.dbm.Application - Starting Application on LAPTOP-T7OVDIH0 with PID 6004 (D:\workspaces\dbm-api\target\classes started by think in D:\workspaces\dbm-api)
[dbm-api] 21:09:40.319 [main] INFO  org.hibernate.validator.internal.util.Version - HV000001: Hibernate Validator 5.1.3.Final
[dbm-api] 21:09:41.050 [main] INFO  com.zaxxer.hikari.HikariDataSource - HikariCP pool HikariPool-0 is starting.
[dbm-api] 21:09:42.587 [main] INFO  org.apache.catalina.core.StandardService - Starting service Tomcat
[dbm-api] 21:09:42.595 [main] INFO  org.apache.catalina.core.StandardEngine - Starting Servlet Engine: Apache Tomcat/8.0.15
[dbm-api] 21:09:42.720 [localhost-startStop-1] INFO  org.apache.catalina.core.ContainerBase.[Tomcat].[localhost].[/] - Initializing Spring embedded WebApplicationContext
[dbm-api] 21:09:44.571 [main] INFO  org.apache.coyote.http11.Http11NioProtocol - Initializing ProtocolHandler ["http-nio-8001"]
[dbm-api] 21:09:44.585 [main] INFO  org.apache.coyote.http11.Http11NioProtocol - Starting ProtocolHandler ["http-nio-8001"]
[dbm-api] 21:09:44.592 [main] INFO  org.apache.tomcat.util.net.NioSelectorPool - Using a shared selector for servlet write/read
[dbm-api] 21:09:44.616 [main] INFO  com.withlee.dbm.Application - Started Application in 5.828 seconds (JVM running for 6.522)
[dbm-api] 21:11:24.564 [http-nio-8001-exec-1] INFO  org.apache.catalina.core.ContainerBase.[Tomcat].[localhost].[/] - Initializing Spring FrameworkServlet 'dispatcherServlet'
[dbm-api] 21:11:25.203 [http-nio-8001-exec-2] ERROR com.withlee.dbm.filter.UserTokenFilter - [doFilterInternal] - access denied [/favicon.ico]
[dbm-api] 21:34:41.497 [main] INFO  com.withlee.dbm.Application - Starting Application on LAPTOP-T7OVDIH0 with PID 12888 (D:\workspaces\dbm-api\target\classes started by think in D:\workspaces\dbm-api)
[dbm-api] 21:34:42.869 [main] INFO  org.hibernate.validator.internal.util.Version - HV000001: Hibernate Validator 5.1.3.Final
[dbm-api] 21:34:43.592 [main] INFO  com.zaxxer.hikari.HikariDataSource - HikariCP pool HikariPool-0 is starting.
[dbm-api] 21:34:45.148 [main] INFO  org.apache.catalina.core.StandardService - Starting service Tomcat
[dbm-api] 21:34:45.150 [main] INFO  org.apache.catalina.core.StandardEngine - Starting Servlet Engine: Apache Tomcat/8.0.15
[dbm-api] 21:34:45.265 [localhost-startStop-1] INFO  org.apache.catalina.core.ContainerBase.[Tomcat].[localhost].[/] - Initializing Spring embedded WebApplicationContext
[dbm-api] 21:34:47.002 [main] INFO  org.apache.coyote.http11.Http11NioProtocol - Initializing ProtocolHandler ["http-nio-8001"]
[dbm-api] 21:34:47.014 [main] INFO  org.apache.coyote.http11.Http11NioProtocol - Starting ProtocolHandler ["http-nio-8001"]
[dbm-api] 21:34:47.019 [main] INFO  org.apache.tomcat.util.net.NioSelectorPool - Using a shared selector for servlet write/read
[dbm-api] 21:34:47.042 [main] INFO  com.withlee.dbm.Application - Started Application in 5.759 seconds (JVM running for 6.399)
[dbm-api] 21:35:26.244 [http-nio-8001-exec-1] INFO  org.apache.catalina.core.ContainerBase.[Tomcat].[localhost].[/] - Initializing Spring FrameworkServlet 'dispatcherServlet'
[dbm-api] 21:35:26.504 [http-nio-8001-exec-1] ERROR com.withlee.dbm.controller.showapi.HistorytodayController - [getInvoiceList] - fail to getInvoiceList 
### Error querying database.  Cause: com.mysql.jdbc.exceptions.jdbc4.MySQLSyntaxErrorException: Unknown column 'smounth' in 'where clause'
### The error may exist in file [D:\workspaces\dbm-api\target\classes\com\withlee\mapper\showapi\HistorytodayMapper.xml]
### The error may involve defaultParameterMap
### The error occurred while setting parameters
### SQL: SELECT * FROM  ic_historytoday    where syear = ?    AND smounth=?    AND sday=?
### Cause: com.mysql.jdbc.exceptions.jdbc4.MySQLSyntaxErrorException: Unknown column 'smounth' in 'where clause'
; bad SQL grammar []; nested exception is com.mysql.jdbc.exceptions.jdbc4.MySQLSyntaxErrorException: Unknown column 'smounth' in 'where clause'
[dbm-api] 21:35:26.648 [http-nio-8001-exec-2] ERROR com.withlee.dbm.filter.UserTokenFilter - [doFilterInternal] - access denied [/favicon.ico]
[dbm-api] 21:36:51.528 [main] INFO  com.withlee.dbm.Application - Starting Application on LAPTOP-T7OVDIH0 with PID 2616 (D:\workspaces\dbm-api\target\classes started by think in D:\workspaces\dbm-api)
[dbm-api] 21:36:52.907 [main] INFO  org.hibernate.validator.internal.util.Version - HV000001: Hibernate Validator 5.1.3.Final
[dbm-api] 21:36:53.658 [main] INFO  com.zaxxer.hikari.HikariDataSource - HikariCP pool HikariPool-0 is starting.
[dbm-api] 21:36:55.207 [main] INFO  org.apache.catalina.core.StandardService - Starting service Tomcat
[dbm-api] 21:36:55.208 [main] INFO  org.apache.catalina.core.StandardEngine - Starting Servlet Engine: Apache Tomcat/8.0.15
[dbm-api] 21:36:55.324 [localhost-startStop-1] INFO  org.apache.catalina.core.ContainerBase.[Tomcat].[localhost].[/] - Initializing Spring embedded WebApplicationContext
[dbm-api] 21:36:57.204 [main] INFO  org.apache.coyote.http11.Http11NioProtocol - Initializing ProtocolHandler ["http-nio-8001"]
[dbm-api] 21:36:57.216 [main] INFO  org.apache.coyote.http11.Http11NioProtocol - Starting ProtocolHandler ["http-nio-8001"]
[dbm-api] 21:36:57.219 [main] INFO  org.apache.tomcat.util.net.NioSelectorPool - Using a shared selector for servlet write/read
[dbm-api] 21:36:57.242 [main] INFO  com.withlee.dbm.Application - Started Application in 5.929 seconds (JVM running for 6.538)
[dbm-api] 21:37:08.396 [http-nio-8001-exec-1] INFO  org.apache.catalina.core.ContainerBase.[Tomcat].[localhost].[/] - Initializing Spring FrameworkServlet 'dispatcherServlet'
[dbm-api] 21:37:08.630 [http-nio-8001-exec-2] ERROR com.withlee.dbm.filter.UserTokenFilter - [doFilterInternal] - access denied [/favicon.ico]
[dbm-api] 22:42:13.844 [main] INFO  com.withlee.dbm.Application - Starting Application on LAPTOP-T7OVDIH0 with PID 14288 (D:\workspaces\dbm-api\target\classes started by think in D:\workspaces\dbm-api)
[dbm-api] 22:42:15.183 [main] INFO  org.hibernate.validator.internal.util.Version - HV000001: Hibernate Validator 5.1.3.Final
[dbm-api] 22:42:15.876 [main] INFO  com.zaxxer.hikari.HikariDataSource - HikariCP pool HikariPool-0 is starting.
[dbm-api] 22:42:17.401 [main] INFO  org.apache.catalina.core.StandardService - Starting service Tomcat
[dbm-api] 22:42:17.403 [main] INFO  org.apache.catalina.core.StandardEngine - Starting Servlet Engine: Apache Tomcat/8.0.15
[dbm-api] 22:42:17.537 [localhost-startStop-1] INFO  org.apache.catalina.core.ContainerBase.[Tomcat].[localhost].[/] - Initializing Spring embedded WebApplicationContext
[dbm-api] 22:42:19.292 [main] INFO  org.apache.coyote.http11.Http11NioProtocol - Initializing ProtocolHandler ["http-nio-8001"]
[dbm-api] 22:42:19.301 [main] INFO  org.apache.coyote.http11.Http11NioProtocol - Starting ProtocolHandler ["http-nio-8001"]
[dbm-api] 22:42:19.306 [main] INFO  org.apache.tomcat.util.net.NioSelectorPool - Using a shared selector for servlet write/read
[dbm-api] 22:42:19.328 [main] INFO  com.withlee.dbm.Application - Started Application in 5.703 seconds (JVM running for 6.32)
[dbm-api] 22:43:28.072 [http-nio-8001-exec-1] INFO  org.apache.catalina.core.ContainerBase.[Tomcat].[localhost].[/] - Initializing Spring FrameworkServlet 'dispatcherServlet'
[dbm-api] 22:43:28.553 [http-nio-8001-exec-2] ERROR com.withlee.dbm.filter.UserTokenFilter - [doFilterInternal] - access denied [/favicon.ico]
