[dbm-api] 09:25:16.894 [main] INFO  com.withlee.dbm.Application - Starting Application on LAPTOP-T7OVDIH0 with PID 7144 (D:\workspaces\dbm-api\target\classes started by think in D:\workspaces\dbm-api)
[dbm-api] 09:25:18.298 [main] INFO  org.hibernate.validator.internal.util.Version - HV000001: Hibernate Validator 5.1.3.Final
[dbm-api] 09:25:19.083 [main] INFO  com.zaxxer.hikari.HikariDataSource - HikariCP pool HikariPool-0 is starting.
[dbm-api] 09:25:20.673 [main] INFO  org.apache.catalina.core.StandardService - Starting service Tomcat
[dbm-api] 09:25:20.674 [main] INFO  org.apache.catalina.core.StandardEngine - Starting Servlet Engine: Apache Tomcat/8.0.15
[dbm-api] 09:25:20.798 [localhost-startStop-1] INFO  org.apache.catalina.core.ContainerBase.[Tomcat].[localhost].[/] - Initializing Spring embedded WebApplicationContext
[dbm-api] 09:25:23.201 [main] INFO  org.apache.coyote.http11.Http11NioProtocol - Initializing ProtocolHandler ["http-nio-8001"]
[dbm-api] 09:25:23.211 [main] INFO  org.apache.coyote.http11.Http11NioProtocol - Starting ProtocolHandler ["http-nio-8001"]
[dbm-api] 09:25:23.215 [main] INFO  org.apache.tomcat.util.net.NioSelectorPool - Using a shared selector for servlet write/read
[dbm-api] 09:25:23.240 [main] INFO  com.withlee.dbm.Application - Started Application in 6.576 seconds (JVM running for 7.167)
[dbm-api] 09:25:39.282 [http-nio-8001-exec-1] INFO  org.apache.catalina.core.ContainerBase.[Tomcat].[localhost].[/] - Initializing Spring FrameworkServlet 'dispatcherServlet'
[dbm-api] 09:25:39.544 [http-nio-8001-exec-2] ERROR com.withlee.dbm.filter.UserTokenFilter - [doFilterInternal] - access denied [/favicon.ico]
[dbm-api] 09:26:46.313 [main] INFO  com.withlee.dbm.Application - Starting Application on LAPTOP-T7OVDIH0 with PID 4660 (D:\workspaces\dbm-api\target\classes started by think in D:\workspaces\dbm-api)
[dbm-api] 09:26:47.926 [main] INFO  org.hibernate.validator.internal.util.Version - HV000001: Hibernate Validator 5.1.3.Final
[dbm-api] 09:26:48.821 [main] INFO  com.zaxxer.hikari.HikariDataSource - HikariCP pool HikariPool-0 is starting.
[dbm-api] 09:26:50.474 [main] INFO  org.apache.catalina.core.StandardService - Starting service Tomcat
[dbm-api] 09:26:50.476 [main] INFO  org.apache.catalina.core.StandardEngine - Starting Servlet Engine: Apache Tomcat/8.0.15
[dbm-api] 09:26:50.613 [localhost-startStop-1] INFO  org.apache.catalina.core.ContainerBase.[Tomcat].[localhost].[/] - Initializing Spring embedded WebApplicationContext
[dbm-api] 09:26:52.498 [main] INFO  org.apache.coyote.http11.Http11NioProtocol - Initializing ProtocolHandler ["http-nio-8001"]
[dbm-api] 09:26:52.508 [main] INFO  org.apache.coyote.http11.Http11NioProtocol - Starting ProtocolHandler ["http-nio-8001"]
[dbm-api] 09:26:52.514 [main] INFO  org.apache.tomcat.util.net.NioSelectorPool - Using a shared selector for servlet write/read
[dbm-api] 09:26:52.533 [main] INFO  com.withlee.dbm.Application - Started Application in 6.441 seconds (JVM running for 7.047)
[dbm-api] 09:26:53.480 [http-nio-8001-exec-1] INFO  org.apache.catalina.core.ContainerBase.[Tomcat].[localhost].[/] - Initializing Spring FrameworkServlet 'dispatcherServlet'
[dbm-api] 09:26:53.636 [http-nio-8001-exec-2] ERROR com.withlee.dbm.filter.UserTokenFilter - [doFilterInternal] - access denied [/favicon.ico]
[dbm-api] 09:26:55.717 [http-nio-8001-exec-4] ERROR com.withlee.dbm.filter.UserTokenFilter - [doFilterInternal] - access denied [/favicon.ico]
[dbm-api] 09:31:08.954 [main] INFO  com.withlee.dbm.Application - Starting Application on LAPTOP-T7OVDIH0 with PID 11840 (D:\workspaces\dbm-api\target\classes started by think in D:\workspaces\dbm-api)
[dbm-api] 09:31:10.300 [main] INFO  org.hibernate.validator.internal.util.Version - HV000001: Hibernate Validator 5.1.3.Final
[dbm-api] 09:31:11.041 [main] INFO  com.zaxxer.hikari.HikariDataSource - HikariCP pool HikariPool-0 is starting.
[dbm-api] 09:31:12.577 [main] INFO  org.apache.catalina.core.StandardService - Starting service Tomcat
[dbm-api] 09:31:12.579 [main] INFO  org.apache.catalina.core.StandardEngine - Starting Servlet Engine: Apache Tomcat/8.0.15
[dbm-api] 09:31:12.705 [localhost-startStop-1] INFO  org.apache.catalina.core.ContainerBase.[Tomcat].[localhost].[/] - Initializing Spring embedded WebApplicationContext
[dbm-api] 09:31:14.405 [main] INFO  org.apache.coyote.http11.Http11NioProtocol - Initializing ProtocolHandler ["http-nio-8001"]
[dbm-api] 09:31:14.416 [main] INFO  org.apache.coyote.http11.Http11NioProtocol - Starting ProtocolHandler ["http-nio-8001"]
[dbm-api] 09:31:14.421 [main] INFO  org.apache.tomcat.util.net.NioSelectorPool - Using a shared selector for servlet write/read
[dbm-api] 09:31:14.446 [main] INFO  com.withlee.dbm.Application - Started Application in 5.711 seconds (JVM running for 6.37)
[dbm-api] 09:31:19.819 [http-nio-8001-exec-1] INFO  org.apache.catalina.core.ContainerBase.[Tomcat].[localhost].[/] - Initializing Spring FrameworkServlet 'dispatcherServlet'
[dbm-api] 09:31:20.106 [http-nio-8001-exec-2] ERROR com.withlee.dbm.filter.UserTokenFilter - [doFilterInternal] - access denied [/favicon.ico]
[dbm-api] 09:31:28.920 [http-nio-8001-exec-4] ERROR com.withlee.dbm.filter.UserTokenFilter - [doFilterInternal] - access denied [/favicon.ico]
[dbm-api] 21:44:54.912 [main] INFO  com.withlee.dbm.Application - Starting Application on LAPTOP-T7OVDIH0 with PID 7264 (D:\workspaces\dbm-api\target\classes started by think in D:\workspaces\dbm-api)
[dbm-api] 21:44:56.603 [main] INFO  org.hibernate.validator.internal.util.Version - HV000001: Hibernate Validator 5.1.3.Final
[dbm-api] 21:44:57.467 [main] INFO  com.zaxxer.hikari.HikariDataSource - HikariCP pool HikariPool-0 is starting.
[dbm-api] 21:45:00.088 [main] INFO  org.apache.catalina.core.StandardService - Starting service Tomcat
[dbm-api] 21:45:00.089 [main] INFO  org.apache.catalina.core.StandardEngine - Starting Servlet Engine: Apache Tomcat/8.0.15
[dbm-api] 21:45:00.235 [localhost-startStop-1] INFO  org.apache.catalina.core.ContainerBase.[Tomcat].[localhost].[/] - Initializing Spring embedded WebApplicationContext
[dbm-api] 21:45:02.394 [main] INFO  org.apache.coyote.http11.Http11NioProtocol - Initializing ProtocolHandler ["http-nio-8001"]
[dbm-api] 21:45:02.405 [main] INFO  org.apache.coyote.http11.Http11NioProtocol - Starting ProtocolHandler ["http-nio-8001"]
[dbm-api] 21:45:02.429 [main] INFO  org.apache.tomcat.util.net.NioSelectorPool - Using a shared selector for servlet write/read
[dbm-api] 21:45:02.510 [main] INFO  com.withlee.dbm.Application - Started Application in 7.868 seconds (JVM running for 8.939)
[dbm-api] 21:45:19.537 [http-nio-8001-exec-1] INFO  org.apache.catalina.core.ContainerBase.[Tomcat].[localhost].[/] - Initializing Spring FrameworkServlet 'dispatcherServlet'
[dbm-api] 21:45:19.909 [http-nio-8001-exec-2] ERROR com.withlee.dbm.filter.UserTokenFilter - [doFilterInternal] - access denied [/favicon.ico]
[dbm-api] 21:45:32.607 [http-nio-8001-exec-5] ERROR com.withlee.dbm.filter.UserTokenFilter - [doFilterInternal] - access denied [/favicon.ico]
[dbm-api] 21:45:58.053 [http-nio-8001-exec-8] ERROR com.withlee.dbm.filter.UserTokenFilter - [doFilterInternal] - access denied [/favicon.ico]
[dbm-api] 21:46:02.782 [http-nio-8001-exec-10] ERROR com.withlee.dbm.filter.UserTokenFilter - [doFilterInternal] - access denied [/favicon.ico]
[dbm-api] 21:46:15.347 [http-nio-8001-exec-3] ERROR com.withlee.dbm.filter.UserTokenFilter - [doFilterInternal] - access denied [/favicon.ico]
[dbm-api] 21:53:44.919 [http-nio-8001-exec-5] ERROR com.withlee.dbm.controller.showapi.HistorytodayController - [getHistorytoday] - fail to getHistorytoday Could not open JDBC Connection for transaction; nested exception is java.sql.SQLException: Timeout after 30192ms of waiting for a connection.
[dbm-api] 21:53:44.940 [http-nio-8001-exec-7] ERROR com.withlee.dbm.filter.UserTokenFilter - [doFilterInternal] - access denied [/favicon.ico]
[dbm-api] 21:54:06.406 [main] INFO  com.withlee.dbm.Application - Starting Application on LAPTOP-T7OVDIH0 with PID 14148 (D:\workspaces\dbm-api\target\classes started by think in D:\workspaces\dbm-api)
[dbm-api] 21:54:07.873 [main] INFO  org.hibernate.validator.internal.util.Version - HV000001: Hibernate Validator 5.1.3.Final
[dbm-api] 21:54:08.625 [main] INFO  com.zaxxer.hikari.HikariDataSource - HikariCP pool HikariPool-0 is starting.
[dbm-api] 21:54:10.854 [main] INFO  org.apache.catalina.core.StandardService - Starting service Tomcat
[dbm-api] 21:54:10.856 [main] INFO  org.apache.catalina.core.StandardEngine - Starting Servlet Engine: Apache Tomcat/8.0.15
[dbm-api] 21:54:10.997 [localhost-startStop-1] INFO  org.apache.catalina.core.ContainerBase.[Tomcat].[localhost].[/] - Initializing Spring embedded WebApplicationContext
[dbm-api] 21:54:13.078 [main] INFO  org.apache.coyote.http11.Http11NioProtocol - Initializing ProtocolHandler ["http-nio-8001"]
[dbm-api] 21:54:13.088 [main] INFO  org.apache.coyote.http11.Http11NioProtocol - Starting ProtocolHandler ["http-nio-8001"]
[dbm-api] 21:54:13.093 [main] INFO  org.apache.tomcat.util.net.NioSelectorPool - Using a shared selector for servlet write/read
[dbm-api] 21:54:13.119 [main] INFO  com.withlee.dbm.Application - Started Application in 6.94 seconds (JVM running for 7.556)
[dbm-api] 21:54:22.217 [http-nio-8001-exec-1] INFO  org.apache.catalina.core.ContainerBase.[Tomcat].[localhost].[/] - Initializing Spring FrameworkServlet 'dispatcherServlet'
[dbm-api] 21:54:22.755 [http-nio-8001-exec-2] ERROR com.withlee.dbm.filter.UserTokenFilter - [doFilterInternal] - access denied [/favicon.ico]
[dbm-api] 22:00:31.854 [main] INFO  com.withlee.dbm.Application - Starting Application on LAPTOP-T7OVDIH0 with PID 15692 (D:\workspaces\dbm-api\target\classes started by think in D:\workspaces\dbm-api)
[dbm-api] 22:00:33.742 [main] INFO  org.hibernate.validator.internal.util.Version - HV000001: Hibernate Validator 5.1.3.Final
[dbm-api] 22:00:34.914 [main] INFO  com.zaxxer.hikari.HikariDataSource - HikariCP pool HikariPool-0 is starting.
[dbm-api] 22:00:37.463 [main] INFO  org.apache.catalina.core.StandardService - Starting service Tomcat
[dbm-api] 22:00:37.465 [main] INFO  org.apache.catalina.core.StandardEngine - Starting Servlet Engine: Apache Tomcat/8.0.15
[dbm-api] 22:00:37.647 [localhost-startStop-1] INFO  org.apache.catalina.core.ContainerBase.[Tomcat].[localhost].[/] - Initializing Spring embedded WebApplicationContext
[dbm-api] 22:00:40.066 [main] INFO  org.apache.coyote.http11.Http11NioProtocol - Initializing ProtocolHandler ["http-nio-8001"]
[dbm-api] 22:00:40.081 [main] INFO  org.apache.coyote.http11.Http11NioProtocol - Starting ProtocolHandler ["http-nio-8001"]
[dbm-api] 22:00:40.088 [main] INFO  org.apache.tomcat.util.net.NioSelectorPool - Using a shared selector for servlet write/read
[dbm-api] 22:00:40.121 [main] INFO  com.withlee.dbm.Application - Started Application in 8.517 seconds (JVM running for 9.237)
[dbm-api] 22:01:16.060 [http-nio-8001-exec-1] INFO  org.apache.catalina.core.ContainerBase.[Tomcat].[localhost].[/] - Initializing Spring FrameworkServlet 'dispatcherServlet'
[dbm-api] 22:01:16.516 [http-nio-8001-exec-2] ERROR com.withlee.dbm.filter.UserTokenFilter - [doFilterInternal] - access denied [/favicon.ico]
[dbm-api] 22:01:24.150 [http-nio-8001-exec-4] ERROR com.withlee.dbm.filter.UserTokenFilter - [doFilterInternal] - access denied [/favicon.ico]
